{"C:\\Users\\joe_s\\Documents\\GitHub\\SE390-Mini-capstone-project\\Concordia_Campus_App\\calendar\\calendar.js": {"path":"C:\\Users\\joe_s\\Documents\\GitHub\\SE390-Mini-capstone-project\\Concordia_Campus_App\\calendar\\calendar.js","statementMap":{"0":{"start":{"line":14,"column":0},"end":{"line":14,"column":38}},"1":{"start":{"line":15,"column":21},"end":{"line":15,"column":63}},"2":{"start":{"line":17,"column":2},"end":{"line":17,"column":212}},"3":{"start":{"line":19,"column":17},"end":{"line":25,"column":2}},"4":{"start":{"line":28,"column":32},"end":{"line":28,"column":46}},"5":{"start":{"line":29,"column":44},"end":{"line":29,"column":58}},"6":{"start":{"line":30,"column":30},"end":{"line":30,"column":42}},"7":{"start":{"line":31,"column":36},"end":{"line":31,"column":48}},"8":{"start":{"line":32,"column":50},"end":{"line":32,"column":64}},"9":{"start":{"line":33,"column":50},"end":{"line":33,"column":65}},"10":{"start":{"line":34,"column":40},"end":{"line":34,"column":52}},"11":{"start":{"line":35,"column":17},"end":{"line":35,"column":43}},"12":{"start":{"line":37,"column":25},"end":{"line":51,"column":3}},"13":{"start":{"line":38,"column":24},"end":{"line":38,"column":64}},"14":{"start":{"line":41,"column":27},"end":{"line":41,"column":46}},"15":{"start":{"line":42,"column":25},"end":{"line":42,"column":42}},"16":{"start":{"line":43,"column":27},"end":{"line":43,"column":55}},"17":{"start":{"line":45,"column":4},"end":{"line":49,"column":5}},"18":{"start":{"line":46,"column":6},"end":{"line":46,"column":15}},"19":{"start":{"line":47,"column":10},"end":{"line":49,"column":5}},"20":{"start":{"line":48,"column":6},"end":{"line":48,"column":15}},"21":{"start":{"line":50,"column":4},"end":{"line":50,"column":13}},"22":{"start":{"line":52,"column":27},"end":{"line":56,"column":3}},"23":{"start":{"line":53,"column":4},"end":{"line":55,"column":8}},"24":{"start":{"line":53,"column":37},"end":{"line":55,"column":5}},"25":{"start":{"line":57,"column":21},"end":{"line":57,"column":36}},"26":{"start":{"line":59,"column":23},"end":{"line":89,"column":3}},"27":{"start":{"line":60,"column":24},"end":{"line":60,"column":46}},"28":{"start":{"line":62,"column":28},"end":{"line":68,"column":6}},"29":{"start":{"line":70,"column":4},"end":{"line":88,"column":5}},"30":{"start":{"line":71,"column":21},"end":{"line":71,"column":81}},"31":{"start":{"line":72,"column":6},"end":{"line":85,"column":7}},"32":{"start":{"line":73,"column":64},"end":{"line":73,"column":89}},"33":{"start":{"line":74,"column":8},"end":{"line":77,"column":11}},"34":{"start":{"line":80,"column":12},"end":{"line":80,"column":44}},"35":{"start":{"line":81,"column":8},"end":{"line":81,"column":35}},"36":{"start":{"line":82,"column":8},"end":{"line":82,"column":41}},"37":{"start":{"line":84,"column":8},"end":{"line":84,"column":43}},"38":{"start":{"line":87,"column":6},"end":{"line":87,"column":52}},"39":{"start":{"line":91,"column":24},"end":{"line":99,"column":3}},"40":{"start":{"line":92,"column":4},"end":{"line":98,"column":7}},"41":{"start":{"line":93,"column":6},"end":{"line":93,"column":23}},"42":{"start":{"line":94,"column":6},"end":{"line":94,"column":29}},"43":{"start":{"line":95,"column":6},"end":{"line":95,"column":23}},"44":{"start":{"line":96,"column":6},"end":{"line":96,"column":32}},"45":{"start":{"line":97,"column":6},"end":{"line":97,"column":20}},"46":{"start":{"line":102,"column":29},"end":{"line":145,"column":3}},"47":{"start":{"line":103,"column":18},"end":{"line":103,"column":45}},"48":{"start":{"line":104,"column":4},"end":{"line":107,"column":5}},"49":{"start":{"line":105,"column":6},"end":{"line":105,"column":59}},"50":{"start":{"line":106,"column":6},"end":{"line":106,"column":13}},"51":{"start":{"line":108,"column":27},"end":{"line":108,"column":29}},"52":{"start":{"line":109,"column":24},"end":{"line":109,"column":28}},"53":{"start":{"line":110,"column":4},"end":{"line":144,"column":5}},"54":{"start":{"line":111,"column":6},"end":{"line":124,"column":30}},"55":{"start":{"line":112,"column":25},"end":{"line":121,"column":9}},"56":{"start":{"line":122,"column":8},"end":{"line":122,"column":72}},"57":{"start":{"line":123,"column":8},"end":{"line":123,"column":52}},"58":{"start":{"line":127,"column":6},"end":{"line":131,"column":9}},"59":{"start":{"line":128,"column":8},"end":{"line":128,"column":50}},"60":{"start":{"line":128,"column":40},"end":{"line":128,"column":50}},"61":{"start":{"line":129,"column":8},"end":{"line":129,"column":49}},"62":{"start":{"line":129,"column":40},"end":{"line":129,"column":49}},"63":{"start":{"line":130,"column":8},"end":{"line":130,"column":50}},"64":{"start":{"line":133,"column":6},"end":{"line":133,"column":37}},"65":{"start":{"line":135,"column":6},"end":{"line":138,"column":7}},"66":{"start":{"line":136,"column":8},"end":{"line":136,"column":49}},"67":{"start":{"line":137,"column":8},"end":{"line":137,"column":63}},"68":{"start":{"line":140,"column":6},"end":{"line":140,"column":63}},"69":{"start":{"line":141,"column":6},"end":{"line":143,"column":7}},"70":{"start":{"line":142,"column":8},"end":{"line":142,"column":24}},"71":{"start":{"line":147,"column":34},"end":{"line":183,"column":3}},"72":{"start":{"line":148,"column":4},"end":{"line":151,"column":5}},"73":{"start":{"line":149,"column":6},"end":{"line":149,"column":56}},"74":{"start":{"line":150,"column":6},"end":{"line":150,"column":13}},"75":{"start":{"line":152,"column":4},"end":{"line":182,"column":5}},"76":{"start":{"line":153,"column":26},"end":{"line":153,"column":36}},"77":{"start":{"line":154,"column":21},"end":{"line":154,"column":42}},"78":{"start":{"line":155,"column":6},"end":{"line":155,"column":67}},"79":{"start":{"line":156,"column":6},"end":{"line":156,"column":34}},"80":{"start":{"line":158,"column":23},"end":{"line":158,"column":39}},"81":{"start":{"line":159,"column":6},"end":{"line":159,"column":45}},"82":{"start":{"line":160,"column":6},"end":{"line":160,"column":41}},"83":{"start":{"line":162,"column":22},"end":{"line":162,"column":42}},"84":{"start":{"line":163,"column":22},"end":{"line":163,"column":44}},"85":{"start":{"line":164,"column":23},"end":{"line":175,"column":7}},"86":{"start":{"line":176,"column":6},"end":{"line":176,"column":37}},"87":{"start":{"line":178,"column":6},"end":{"line":178,"column":69}},"88":{"start":{"line":179,"column":6},"end":{"line":181,"column":7}},"89":{"start":{"line":180,"column":8},"end":{"line":180,"column":24}},"90":{"start":{"line":185,"column":2},"end":{"line":192,"column":9}},"91":{"start":{"line":186,"column":35},"end":{"line":188,"column":6}},"92":{"start":{"line":187,"column":6},"end":{"line":187,"column":26}},"93":{"start":{"line":189,"column":4},"end":{"line":191,"column":6}},"94":{"start":{"line":190,"column":6},"end":{"line":190,"column":46}},"95":{"start":{"line":194,"column":2},"end":{"line":203,"column":34}},"96":{"start":{"line":195,"column":24},"end":{"line":201,"column":6}},"97":{"start":{"line":196,"column":6},"end":{"line":200,"column":7}},"98":{"start":{"line":197,"column":8},"end":{"line":197,"column":42}},"99":{"start":{"line":199,"column":8},"end":{"line":199,"column":24}},"100":{"start":{"line":202,"column":4},"end":{"line":202,"column":23}},"101":{"start":{"line":207,"column":2},"end":{"line":341,"column":4}},"102":{"start":{"line":218,"column":18},"end":{"line":218,"column":45}},"103":{"start":{"line":224,"column":22},"end":{"line":224,"column":48}},"104":{"start":{"line":232,"column":18},"end":{"line":241,"column":20}},"105":{"start":{"line":236,"column":22},"end":{"line":236,"column":52}},"106":{"start":{"line":237,"column":22},"end":{"line":237,"column":74}},"107":{"start":{"line":238,"column":22},"end":{"line":238,"column":49}},"108":{"start":{"line":248,"column":18},"end":{"line":324,"column":25}},"109":{"start":{"line":249,"column":40},"end":{"line":249,"column":134}},"110":{"start":{"line":250,"column":20},"end":{"line":254,"column":21}},"111":{"start":{"line":251,"column":22},"end":{"line":251,"column":60}},"112":{"start":{"line":252,"column":27},"end":{"line":254,"column":21}},"113":{"start":{"line":253,"column":22},"end":{"line":253,"column":60}},"114":{"start":{"line":255,"column":20},"end":{"line":255,"column":30}},"115":{"start":{"line":257,"column":46},"end":{"line":257,"column":72}},"116":{"start":{"line":279,"column":51},"end":{"line":279,"column":68}},"117":{"start":{"line":280,"column":43},"end":{"line":280,"column":74}},"118":{"start":{"line":281,"column":47},"end":{"line":281,"column":110}},"119":{"start":{"line":281,"column":84},"end":{"line":281,"column":109}},"120":{"start":{"line":282,"column":30},"end":{"line":282,"column":92}},"121":{"start":{"line":291,"column":4},"end":{"line":314,"column":5}},"122":{"start":{"line":292,"column":23},"end":{"line":292,"column":42}},"123":{"start":{"line":293,"column":6},"end":{"line":296,"column":7}},"124":{"start":{"line":294,"column":8},"end":{"line":294,"column":69}},"125":{"start":{"line":295,"column":8},"end":{"line":295,"column":15}},"126":{"start":{"line":298,"column":27},"end":{"line":298,"column":44}},"127":{"start":{"line":299,"column":19},"end":{"line":299,"column":50}},"128":{"start":{"line":300,"column":23},"end":{"line":300,"column":72}},"129":{"start":{"line":300,"column":53},"end":{"line":300,"column":71}},"130":{"start":{"line":302,"column":6},"end":{"line":305,"column":7}},"131":{"start":{"line":303,"column":8},"end":{"line":303,"column":64}},"132":{"start":{"line":304,"column":8},"end":{"line":304,"column":15}},"133":{"start":{"line":307,"column":6},"end":{"line":310,"column":9}},"134":{"start":{"line":312,"column":6},"end":{"line":312,"column":62}},"135":{"start":{"line":313,"column":6},"end":{"line":313,"column":67}},"136":{"start":{"line":344,"column":15},"end":{"line":385,"column":2}}},"fnMap":{"0":{"name":"Calendar","decl":{"start":{"line":27,"column":24},"end":{"line":27,"column":32}},"loc":{"start":{"line":27,"column":35},"end":{"line":342,"column":1}},"line":27},"1":{"name":"(anonymous_1)","decl":{"start":{"line":37,"column":25},"end":{"line":37,"column":26}},"loc":{"start":{"line":37,"column":49},"end":{"line":51,"column":3}},"line":37},"2":{"name":"(anonymous_2)","decl":{"start":{"line":52,"column":27},"end":{"line":52,"column":28}},"loc":{"start":{"line":52,"column":40},"end":{"line":56,"column":3}},"line":52},"3":{"name":"(anonymous_3)","decl":{"start":{"line":53,"column":19},"end":{"line":53,"column":20}},"loc":{"start":{"line":53,"column":37},"end":{"line":55,"column":5}},"line":53},"4":{"name":"(anonymous_4)","decl":{"start":{"line":59,"column":23},"end":{"line":59,"column":24}},"loc":{"start":{"line":59,"column":35},"end":{"line":89,"column":3}},"line":59},"5":{"name":"(anonymous_5)","decl":{"start":{"line":91,"column":24},"end":{"line":91,"column":25}},"loc":{"start":{"line":91,"column":36},"end":{"line":99,"column":3}},"line":91},"6":{"name":"(anonymous_6)","decl":{"start":{"line":92,"column":39},"end":{"line":92,"column":40}},"loc":{"start":{"line":92,"column":45},"end":{"line":98,"column":5}},"line":92},"7":{"name":"(anonymous_7)","decl":{"start":{"line":102,"column":29},"end":{"line":102,"column":30}},"loc":{"start":{"line":102,"column":51},"end":{"line":145,"column":3}},"line":102},"8":{"name":"(anonymous_8)","decl":{"start":{"line":127,"column":28},"end":{"line":127,"column":29}},"loc":{"start":{"line":127,"column":38},"end":{"line":131,"column":7}},"line":127},"9":{"name":"(anonymous_9)","decl":{"start":{"line":147,"column":34},"end":{"line":147,"column":35}},"loc":{"start":{"line":147,"column":63},"end":{"line":183,"column":3}},"line":147},"10":{"name":"(anonymous_10)","decl":{"start":{"line":185,"column":12},"end":{"line":185,"column":13}},"loc":{"start":{"line":185,"column":18},"end":{"line":192,"column":3}},"line":185},"11":{"name":"(anonymous_11)","decl":{"start":{"line":186,"column":67},"end":{"line":186,"column":68}},"loc":{"start":{"line":186,"column":87},"end":{"line":188,"column":5}},"line":186},"12":{"name":"(anonymous_12)","decl":{"start":{"line":189,"column":11},"end":{"line":189,"column":12}},"loc":{"start":{"line":189,"column":17},"end":{"line":191,"column":5}},"line":189},"13":{"name":"(anonymous_13)","decl":{"start":{"line":194,"column":12},"end":{"line":194,"column":13}},"loc":{"start":{"line":194,"column":18},"end":{"line":203,"column":3}},"line":194},"14":{"name":"(anonymous_14)","decl":{"start":{"line":195,"column":56},"end":{"line":195,"column":57}},"loc":{"start":{"line":195,"column":62},"end":{"line":201,"column":5}},"line":195},"15":{"name":"(anonymous_15)","decl":{"start":{"line":216,"column":27},"end":{"line":216,"column":28}},"loc":{"start":{"line":216,"column":33},"end":{"line":219,"column":17}},"line":216},"16":{"name":"(anonymous_16)","decl":{"start":{"line":223,"column":29},"end":{"line":223,"column":30}},"loc":{"start":{"line":223,"column":35},"end":{"line":225,"column":21}},"line":223},"17":{"name":"(anonymous_17)","decl":{"start":{"line":231,"column":31},"end":{"line":231,"column":32}},"loc":{"start":{"line":232,"column":18},"end":{"line":241,"column":20}},"line":232},"18":{"name":"(anonymous_18)","decl":{"start":{"line":235,"column":29},"end":{"line":235,"column":30}},"loc":{"start":{"line":235,"column":35},"end":{"line":239,"column":21}},"line":235},"19":{"name":"(anonymous_19)","decl":{"start":{"line":247,"column":27},"end":{"line":247,"column":28}},"loc":{"start":{"line":248,"column":18},"end":{"line":324,"column":25}},"line":248},"20":{"name":"(anonymous_20)","decl":{"start":{"line":248,"column":93},"end":{"line":248,"column":94}},"loc":{"start":{"line":248,"column":99},"end":{"line":256,"column":19}},"line":248},"21":{"name":"(anonymous_21)","decl":{"start":{"line":257,"column":40},"end":{"line":257,"column":41}},"loc":{"start":{"line":257,"column":46},"end":{"line":257,"column":72}},"line":257},"22":{"name":"(anonymous_22)","decl":{"start":{"line":278,"column":37},"end":{"line":278,"column":38}},"loc":{"start":{"line":278,"column":43},"end":{"line":283,"column":29}},"line":278},"23":{"name":"(anonymous_23)","decl":{"start":{"line":281,"column":70},"end":{"line":281,"column":71}},"loc":{"start":{"line":281,"column":84},"end":{"line":281,"column":109}},"line":281},"24":{"name":"(anonymous_24)","decl":{"start":{"line":290,"column":11},"end":{"line":290,"column":12}},"loc":{"start":{"line":290,"column":23},"end":{"line":315,"column":3}},"line":290},"25":{"name":"(anonymous_25)","decl":{"start":{"line":300,"column":46},"end":{"line":300,"column":47}},"loc":{"start":{"line":300,"column":53},"end":{"line":300,"column":71}},"line":300}},"branchMap":{"0":{"loc":{"start":{"line":45,"column":4},"end":{"line":49,"column":5}},"type":"if","locations":[{"start":{"line":45,"column":4},"end":{"line":49,"column":5}},{"start":{"line":47,"column":10},"end":{"line":49,"column":5}}],"line":45},"1":{"loc":{"start":{"line":45,"column":7},"end":{"line":45,"column":61}},"type":"binary-expr","locations":[{"start":{"line":45,"column":7},"end":{"line":45,"column":25}},{"start":{"line":45,"column":29},"end":{"line":45,"column":61}}],"line":45},"2":{"loc":{"start":{"line":47,"column":10},"end":{"line":49,"column":5}},"type":"if","locations":[{"start":{"line":47,"column":10},"end":{"line":49,"column":5}},{"start":{},"end":{}}],"line":47},"3":{"loc":{"start":{"line":47,"column":13},"end":{"line":47,"column":63}},"type":"binary-expr","locations":[{"start":{"line":47,"column":13},"end":{"line":47,"column":32}},{"start":{"line":47,"column":36},"end":{"line":47,"column":63}}],"line":47},"4":{"loc":{"start":{"line":70,"column":4},"end":{"line":88,"column":5}},"type":"if","locations":[{"start":{"line":70,"column":4},"end":{"line":88,"column":5}},{"start":{"line":86,"column":11},"end":{"line":88,"column":5}}],"line":70},"5":{"loc":{"start":{"line":72,"column":6},"end":{"line":85,"column":7}},"type":"if","locations":[{"start":{"line":72,"column":6},"end":{"line":85,"column":7}},{"start":{},"end":{}}],"line":72},"6":{"loc":{"start":{"line":72,"column":10},"end":{"line":72,"column":49}},"type":"binary-expr","locations":[{"start":{"line":72,"column":10},"end":{"line":72,"column":35}},{"start":{"line":72,"column":39},"end":{"line":72,"column":49}}],"line":72},"7":{"loc":{"start":{"line":103,"column":18},"end":{"line":103,"column":45}},"type":"binary-expr","locations":[{"start":{"line":103,"column":18},"end":{"line":103,"column":28}},{"start":{"line":103,"column":32},"end":{"line":103,"column":45}}],"line":103},"8":{"loc":{"start":{"line":104,"column":4},"end":{"line":107,"column":5}},"type":"if","locations":[{"start":{"line":104,"column":4},"end":{"line":107,"column":5}},{"start":{},"end":{}}],"line":104},"9":{"loc":{"start":{"line":128,"column":8},"end":{"line":128,"column":50}},"type":"if","locations":[{"start":{"line":128,"column":8},"end":{"line":128,"column":50}},{"start":{},"end":{}}],"line":128},"10":{"loc":{"start":{"line":129,"column":8},"end":{"line":129,"column":49}},"type":"if","locations":[{"start":{"line":129,"column":8},"end":{"line":129,"column":49}},{"start":{},"end":{}}],"line":129},"11":{"loc":{"start":{"line":135,"column":6},"end":{"line":138,"column":7}},"type":"if","locations":[{"start":{"line":135,"column":6},"end":{"line":138,"column":7}},{"start":{},"end":{}}],"line":135},"12":{"loc":{"start":{"line":141,"column":6},"end":{"line":143,"column":7}},"type":"if","locations":[{"start":{"line":141,"column":6},"end":{"line":143,"column":7}},{"start":{},"end":{}}],"line":141},"13":{"loc":{"start":{"line":141,"column":10},"end":{"line":141,"column":57}},"type":"binary-expr","locations":[{"start":{"line":141,"column":10},"end":{"line":141,"column":24}},{"start":{"line":141,"column":28},"end":{"line":141,"column":57}}],"line":141},"14":{"loc":{"start":{"line":148,"column":4},"end":{"line":151,"column":5}},"type":"if","locations":[{"start":{"line":148,"column":4},"end":{"line":151,"column":5}},{"start":{},"end":{}}],"line":148},"15":{"loc":{"start":{"line":179,"column":6},"end":{"line":181,"column":7}},"type":"if","locations":[{"start":{"line":179,"column":6},"end":{"line":181,"column":7}},{"start":{},"end":{}}],"line":179},"16":{"loc":{"start":{"line":179,"column":10},"end":{"line":179,"column":57}},"type":"binary-expr","locations":[{"start":{"line":179,"column":10},"end":{"line":179,"column":24}},{"start":{"line":179,"column":28},"end":{"line":179,"column":57}}],"line":179},"17":{"loc":{"start":{"line":196,"column":6},"end":{"line":200,"column":7}},"type":"if","locations":[{"start":{"line":196,"column":6},"end":{"line":200,"column":7}},{"start":{"line":198,"column":13},"end":{"line":200,"column":7}}],"line":196},"18":{"loc":{"start":{"line":210,"column":9},"end":{"line":338,"column":9}},"type":"cond-expr","locations":[{"start":{"line":211,"column":10},"end":{"line":333,"column":13}},{"start":{"line":335,"column":10},"end":{"line":337,"column":19}}],"line":210},"19":{"loc":{"start":{"line":227,"column":21},"end":{"line":227,"column":84}},"type":"cond-expr","locations":[{"start":{"line":227,"column":40},"end":{"line":227,"column":64}},{"start":{"line":227,"column":67},"end":{"line":227,"column":84}}],"line":227},"20":{"loc":{"start":{"line":246,"column":15},"end":{"line":328,"column":15}},"type":"cond-expr","locations":[{"start":{"line":247,"column":16},"end":{"line":325,"column":18}},{"start":{"line":327,"column":16},"end":{"line":327,"column":69}}],"line":246},"21":{"loc":{"start":{"line":249,"column":55},"end":{"line":249,"column":95}},"type":"binary-expr","locations":[{"start":{"line":249,"column":55},"end":{"line":249,"column":75}},{"start":{"line":249,"column":79},"end":{"line":249,"column":95}}],"line":249},"22":{"loc":{"start":{"line":249,"column":97},"end":{"line":249,"column":133}},"type":"binary-expr","locations":[{"start":{"line":249,"column":97},"end":{"line":249,"column":115}},{"start":{"line":249,"column":119},"end":{"line":249,"column":133}}],"line":249},"23":{"loc":{"start":{"line":250,"column":20},"end":{"line":254,"column":21}},"type":"if","locations":[{"start":{"line":250,"column":20},"end":{"line":254,"column":21}},{"start":{"line":252,"column":27},"end":{"line":254,"column":21}}],"line":250},"24":{"loc":{"start":{"line":252,"column":27},"end":{"line":254,"column":21}},"type":"if","locations":[{"start":{"line":252,"column":27},"end":{"line":254,"column":21}},{"start":{},"end":{}}],"line":252},"25":{"loc":{"start":{"line":262,"column":52},"end":{"line":262,"column":92}},"type":"binary-expr","locations":[{"start":{"line":262,"column":52},"end":{"line":262,"column":72}},{"start":{"line":262,"column":76},"end":{"line":262,"column":92}}],"line":262},"26":{"loc":{"start":{"line":265,"column":50},"end":{"line":265,"column":86}},"type":"binary-expr","locations":[{"start":{"line":265,"column":50},"end":{"line":265,"column":68}},{"start":{"line":265,"column":72},"end":{"line":265,"column":86}}],"line":265},"27":{"loc":{"start":{"line":270,"column":21},"end":{"line":323,"column":21}},"type":"binary-expr","locations":[{"start":{"line":270,"column":21},"end":{"line":270,"column":42}},{"start":{"line":271,"column":22},"end":{"line":322,"column":29}}],"line":270},"28":{"loc":{"start":{"line":293,"column":6},"end":{"line":296,"column":7}},"type":"if","locations":[{"start":{"line":293,"column":6},"end":{"line":296,"column":7}},{"start":{},"end":{}}],"line":293},"29":{"loc":{"start":{"line":302,"column":6},"end":{"line":305,"column":7}},"type":"if","locations":[{"start":{"line":302,"column":6},"end":{"line":305,"column":7}},{"start":{},"end":{}}],"line":302}},"s":{"0":5,"1":5,"2":5,"3":5,"4":99,"5":97,"6":97,"7":97,"8":97,"9":97,"10":97,"11":97,"12":97,"13":18,"14":18,"15":18,"16":18,"17":18,"18":1,"19":17,"20":1,"21":16,"22":97,"23":5,"24":5,"25":97,"26":97,"27":17,"28":17,"29":17,"30":16,"31":16,"32":15,"33":15,"34":15,"35":15,"36":15,"37":15,"38":1,"39":97,"40":1,"41":1,"42":1,"43":1,"44":1,"45":1,"46":97,"47":15,"48":15,"49":1,"50":1,"51":14,"52":14,"53":14,"54":14,"55":14,"56":14,"57":13,"58":13,"59":8,"60":0,"61":8,"62":8,"63":0,"64":13,"65":13,"66":13,"67":13,"68":1,"69":1,"70":0,"71":97,"72":13,"73":0,"74":0,"75":13,"76":13,"77":13,"78":13,"79":13,"80":13,"81":13,"82":13,"83":13,"84":13,"85":13,"86":13,"87":1,"88":1,"89":0,"90":97,"91":18,"92":18,"93":18,"94":18,"95":97,"96":96,"97":0,"98":0,"99":0,"100":96,"101":97,"102":0,"103":1,"104":74,"105":0,"106":0,"107":0,"108":18,"109":18,"110":18,"111":1,"112":17,"113":1,"114":16,"115":5,"116":1,"117":1,"118":1,"119":1,"120":1,"121":4,"122":4,"123":4,"124":1,"125":1,"126":3,"127":3,"128":3,"129":4,"130":2,"131":1,"132":1,"133":1,"134":1,"135":1,"136":5},"f":{"0":99,"1":18,"2":5,"3":5,"4":17,"5":1,"6":1,"7":15,"8":8,"9":13,"10":18,"11":18,"12":18,"13":96,"14":0,"15":0,"16":1,"17":74,"18":0,"19":18,"20":18,"21":5,"22":1,"23":1,"24":4,"25":4},"b":{"0":[1,17],"1":[18,1],"2":[1,16],"3":[17,13],"4":[16,1],"5":[15,1],"6":[16,15],"7":[15,1],"8":[1,14],"9":[0,8],"10":[8,0],"11":[13,0],"12":[0,1],"13":[1,0],"14":[0,13],"15":[0,1],"16":[1,0],"17":[0,0],"18":[74,23],"19":[31,43],"20":[18,56],"21":[18,0],"22":[18,0],"23":[1,17],"24":[1,16],"25":[18,0],"26":[18,0],"27":[18,5],"28":[1,3],"29":[1,1]},"_coverageSchema":"1a1c01bbd47fc00a2c39e90264f33305004495a9","hash":"84d34da9d2d3c40067c78d6aa528576a825eed02"}
,"C:\\Users\\joe_s\\Documents\\GitHub\\SE390-Mini-capstone-project\\Concordia_Campus_App\\calendar\\calendarUtils.js": {"path":"C:\\Users\\joe_s\\Documents\\GitHub\\SE390-Mini-capstone-project\\Concordia_Campus_App\\calendar\\calendarUtils.js","statementMap":{"0":{"start":{"line":2,"column":19},"end":{"line":2,"column":57}},"1":{"start":{"line":3,"column":4},"end":{"line":7,"column":6}},"2":{"start":{"line":12,"column":4},"end":{"line":12,"column":29}},"3":{"start":{"line":12,"column":16},"end":{"line":12,"column":29}},"4":{"start":{"line":13,"column":21},"end":{"line":13,"column":36}},"5":{"start":{"line":14,"column":4},"end":{"line":14,"column":65}}},"fnMap":{"0":{"name":"extractTokens","decl":{"start":{"line":1,"column":16},"end":{"line":1,"column":29}},"loc":{"start":{"line":1,"column":34},"end":{"line":8,"column":1}},"line":1},"1":{"name":"convertDateTime","decl":{"start":{"line":11,"column":16},"end":{"line":11,"column":31}},"loc":{"start":{"line":11,"column":39},"end":{"line":15,"column":3}},"line":11}},"branchMap":{"0":{"loc":{"start":{"line":12,"column":4},"end":{"line":12,"column":29}},"type":"if","locations":[{"start":{"line":12,"column":4},"end":{"line":12,"column":29}},{"start":{},"end":{}}],"line":12}},"s":{"0":1,"1":1,"2":38,"3":1,"4":37,"5":37},"f":{"0":1,"1":38},"b":{"0":[1,37]},"_coverageSchema":"1a1c01bbd47fc00a2c39e90264f33305004495a9","hash":"a1bd0e59bacb3ed36e4eb33093d30a0f08cef19d"}
,"C:\\Users\\joe_s\\Documents\\GitHub\\SE390-Mini-capstone-project\\Concordia_Campus_App\\calendar\\locationUtils.js": {"path":"C:\\Users\\joe_s\\Documents\\GitHub\\SE390-Mini-capstone-project\\Concordia_Campus_App\\calendar\\locationUtils.js","statementMap":{"0":{"start":{"line":4,"column":2},"end":{"line":17,"column":3}},"1":{"start":{"line":5,"column":23},"end":{"line":5,"column":73}},"2":{"start":{"line":6,"column":4},"end":{"line":8,"column":5}},"3":{"start":{"line":7,"column":6},"end":{"line":7,"column":53}},"4":{"start":{"line":9,"column":21},"end":{"line":9,"column":63}},"5":{"start":{"line":10,"column":4},"end":{"line":13,"column":6}},"6":{"start":{"line":15,"column":4},"end":{"line":15,"column":52}},"7":{"start":{"line":16,"column":4},"end":{"line":16,"column":16}}},"fnMap":{"0":{"name":"getLocation","decl":{"start":{"line":3,"column":22},"end":{"line":3,"column":33}},"loc":{"start":{"line":3,"column":36},"end":{"line":18,"column":1}},"line":3}},"branchMap":{"0":{"loc":{"start":{"line":6,"column":4},"end":{"line":8,"column":5}},"type":"if","locations":[{"start":{"line":6,"column":4},"end":{"line":8,"column":5}},{"start":{},"end":{}}],"line":6}},"s":{"0":6,"1":6,"2":6,"3":2,"4":4,"5":4,"6":2,"7":2},"f":{"0":6},"b":{"0":[2,4]},"_coverageSchema":"1a1c01bbd47fc00a2c39e90264f33305004495a9","hash":"f1163524cf1babe808704f75df9b58802eb60014"}
,"C:\\Users\\joe_s\\Documents\\GitHub\\SE390-Mini-capstone-project\\Concordia_Campus_App\\calendar\\mapData.js": {"path":"C:\\Users\\joe_s\\Documents\\GitHub\\SE390-Mini-capstone-project\\Concordia_Campus_App\\calendar\\mapData.js","statementMap":{"0":{"start":{"line":1,"column":16},"end":{"line":11,"column":1}}},"fnMap":{},"branchMap":{},"s":{"0":5},"f":{},"b":{},"_coverageSchema":"1a1c01bbd47fc00a2c39e90264f33305004495a9","hash":"83965f57551fc59b6360636eeb0601a533cd2994"}
,"C:\\Users\\joe_s\\Documents\\GitHub\\SE390-Mini-capstone-project\\Concordia_Campus_App\\maps\\BuildingOverlay.js": {"path":"C:\\Users\\joe_s\\Documents\\GitHub\\SE390-Mini-capstone-project\\Concordia_Campus_App\\maps\\BuildingOverlay.js","statementMap":{"0":{"start":{"line":4,"column":24},"end":{"line":25,"column":1}},"1":{"start":{"line":5,"column":2},"end":{"line":7,"column":3}},"2":{"start":{"line":6,"column":4},"end":{"line":6,"column":16}},"3":{"start":{"line":9,"column":2},"end":{"line":24,"column":4}},"4":{"start":{"line":13,"column":49},"end":{"line":13,"column":63}},"5":{"start":{"line":14,"column":49},"end":{"line":14,"column":64}},"6":{"start":{"line":17,"column":49},"end":{"line":17,"column":63}},"7":{"start":{"line":18,"column":49},"end":{"line":18,"column":64}}},"fnMap":{"0":{"name":"(anonymous_0)","decl":{"start":{"line":4,"column":24},"end":{"line":4,"column":25}},"loc":{"start":{"line":4,"column":61},"end":{"line":25,"column":1}},"line":4},"1":{"name":"(anonymous_1)","decl":{"start":{"line":13,"column":38},"end":{"line":13,"column":39}},"loc":{"start":{"line":13,"column":49},"end":{"line":13,"column":63}},"line":13},"2":{"name":"(anonymous_2)","decl":{"start":{"line":14,"column":38},"end":{"line":14,"column":39}},"loc":{"start":{"line":14,"column":49},"end":{"line":14,"column":64}},"line":14},"3":{"name":"(anonymous_3)","decl":{"start":{"line":17,"column":38},"end":{"line":17,"column":39}},"loc":{"start":{"line":17,"column":49},"end":{"line":17,"column":63}},"line":17},"4":{"name":"(anonymous_4)","decl":{"start":{"line":18,"column":38},"end":{"line":18,"column":39}},"loc":{"start":{"line":18,"column":49},"end":{"line":18,"column":64}},"line":18}},"branchMap":{"0":{"loc":{"start":{"line":5,"column":2},"end":{"line":7,"column":3}},"type":"if","locations":[{"start":{"line":5,"column":2},"end":{"line":7,"column":3}},{"start":{},"end":{}}],"line":5},"1":{"loc":{"start":{"line":5,"column":6},"end":{"line":5,"column":28}},"type":"binary-expr","locations":[{"start":{"line":5,"column":6},"end":{"line":5,"column":18}},{"start":{"line":5,"column":22},"end":{"line":5,"column":28}}],"line":5}},"s":{"0":1,"1":18,"2":7,"3":11,"4":44,"5":44,"6":44,"7":44},"f":{"0":18,"1":44,"2":44,"3":44,"4":44},"b":{"0":[7,11],"1":[18,18]},"_coverageSchema":"1a1c01bbd47fc00a2c39e90264f33305004495a9","hash":"fd0b7bc99ac65fc66757a1d8b5bcf596d17f7570"}
,"C:\\Users\\joe_s\\Documents\\GitHub\\SE390-Mini-capstone-project\\Concordia_Campus_App\\maps\\BuildingPopup.js": {"path":"C:\\Users\\joe_s\\Documents\\GitHub\\SE390-Mini-capstone-project\\Concordia_Campus_App\\maps\\BuildingPopup.js","statementMap":{"0":{"start":{"line":7,"column":22},"end":{"line":36,"column":1}},"1":{"start":{"line":8,"column":2},"end":{"line":8,"column":29}},"2":{"start":{"line":8,"column":17},"end":{"line":8,"column":29}},"3":{"start":{"line":10,"column":30},"end":{"line":16,"column":3}},"4":{"start":{"line":18,"column":2},"end":{"line":35,"column":4}}},"fnMap":{"0":{"name":"(anonymous_0)","decl":{"start":{"line":7,"column":22},"end":{"line":7,"column":23}},"loc":{"start":{"line":7,"column":49},"end":{"line":36,"column":1}},"line":7},"1":{"name":"(anonymous_1)","decl":{"start":{"line":30,"column":53},"end":{"line":30,"column":54}},"loc":{"start":{"line":30,"column":59},"end":{"line":30,"column":99}},"line":30}},"branchMap":{"0":{"loc":{"start":{"line":8,"column":2},"end":{"line":8,"column":29}},"type":"if","locations":[{"start":{"line":8,"column":2},"end":{"line":8,"column":29}},{"start":{},"end":{}}],"line":8},"1":{"loc":{"start":{"line":28,"column":7},"end":{"line":32,"column":7}},"type":"binary-expr","locations":[{"start":{"line":28,"column":7},"end":{"line":28,"column":56}},{"start":{"line":29,"column":8},"end":{"line":31,"column":27}}],"line":28}},"s":{"0":8,"1":58,"2":53,"3":5,"4":5},"f":{"0":58,"1":0},"b":{"0":[53,5],"1":[5,3]},"_coverageSchema":"1a1c01bbd47fc00a2c39e90264f33305004495a9","hash":"2e83329d9c3dd67ec9842a88ab3b4c8099a5b15c"}
,"C:\\Users\\joe_s\\Documents\\GitHub\\SE390-Mini-capstone-project\\Concordia_Campus_App\\maps\\FloorButtons.js": {"path":"C:\\Users\\joe_s\\Documents\\GitHub\\SE390-Mini-capstone-project\\Concordia_Campus_App\\maps\\FloorButtons.js","statementMap":{"0":{"start":{"line":5,"column":21},"end":{"line":35,"column":1}},"1":{"start":{"line":8,"column":30},"end":{"line":10,"column":5}},"2":{"start":{"line":9,"column":8},"end":{"line":9,"column":82}},"3":{"start":{"line":9,"column":58},"end":{"line":9,"column":80}},"4":{"start":{"line":12,"column":21},"end":{"line":12,"column":53}},"5":{"start":{"line":13,"column":19},"end":{"line":13,"column":80}},"6":{"start":{"line":13,"column":55},"end":{"line":13,"column":79}},"7":{"start":{"line":15,"column":4},"end":{"line":34,"column":6}},"8":{"start":{"line":19,"column":39},"end":{"line":19,"column":62}},"9":{"start":{"line":21,"column":20},"end":{"line":30,"column":22}},"10":{"start":{"line":26,"column":43},"end":{"line":26,"column":95}},"11":{"start":{"line":37,"column":15},"end":{"line":68,"column":2}}},"fnMap":{"0":{"name":"(anonymous_0)","decl":{"start":{"line":5,"column":21},"end":{"line":5,"column":22}},"loc":{"start":{"line":5,"column":74},"end":{"line":35,"column":1}},"line":5},"1":{"name":"(anonymous_1)","decl":{"start":{"line":8,"column":30},"end":{"line":8,"column":31}},"loc":{"start":{"line":8,"column":40},"end":{"line":10,"column":5}},"line":8},"2":{"name":"(anonymous_2)","decl":{"start":{"line":9,"column":46},"end":{"line":9,"column":47}},"loc":{"start":{"line":9,"column":58},"end":{"line":9,"column":80}},"line":9},"3":{"name":"(anonymous_3)","decl":{"start":{"line":13,"column":48},"end":{"line":13,"column":49}},"loc":{"start":{"line":13,"column":55},"end":{"line":13,"column":79}},"line":13},"4":{"name":"(anonymous_4)","decl":{"start":{"line":18,"column":28},"end":{"line":18,"column":29}},"loc":{"start":{"line":18,"column":46},"end":{"line":31,"column":17}},"line":18},"5":{"name":"(anonymous_5)","decl":{"start":{"line":26,"column":37},"end":{"line":26,"column":38}},"loc":{"start":{"line":26,"column":43},"end":{"line":26,"column":95}},"line":26}},"branchMap":{"0":{"loc":{"start":{"line":25,"column":51},"end":{"line":25,"column":86}},"type":"binary-expr","locations":[{"start":{"line":25,"column":51},"end":{"line":25,"column":61}},{"start":{"line":25,"column":65},"end":{"line":25,"column":86}}],"line":25}},"s":{"0":1,"1":18,"2":18,"3":22,"4":18,"5":18,"6":78,"7":18,"8":60,"9":60,"10":1,"11":1},"f":{"0":18,"1":18,"2":22,"3":78,"4":60,"5":1},"b":{"0":[60,11]},"_coverageSchema":"1a1c01bbd47fc00a2c39e90264f33305004495a9","hash":"ad8b6de2ac6148c01631366b89f6eeeed27a4e44"}
,"C:\\Users\\joe_s\\Documents\\GitHub\\SE390-Mini-capstone-project\\Concordia_Campus_App\\maps\\IndoorFloorShortestPathAlgo.js": {"path":"C:\\Users\\joe_s\\Documents\\GitHub\\SE390-Mini-capstone-project\\Concordia_Campus_App\\maps\\IndoorFloorShortestPathAlgo.js","statementMap":{"0":{"start":{"line":4,"column":16},"end":{"line":4,"column":18}},"1":{"start":{"line":5,"column":4},"end":{"line":7,"column":5}},"2":{"start":{"line":6,"column":8},"end":{"line":6,"column":40}},"3":{"start":{"line":9,"column":4},"end":{"line":13,"column":5}},"4":{"start":{"line":10,"column":8},"end":{"line":12,"column":9}},"5":{"start":{"line":11,"column":12},"end":{"line":11,"column":47}},"6":{"start":{"line":16,"column":4},"end":{"line":24,"column":5}},"7":{"start":{"line":17,"column":8},"end":{"line":23,"column":9}},"8":{"start":{"line":18,"column":12},"end":{"line":18,"column":52}},"9":{"start":{"line":19,"column":12},"end":{"line":22,"column":13}},"10":{"start":{"line":20,"column":16},"end":{"line":20,"column":69}},"11":{"start":{"line":20,"column":43},"end":{"line":20,"column":69}},"12":{"start":{"line":21,"column":16},"end":{"line":21,"column":48}},"13":{"start":{"line":26,"column":4},"end":{"line":34,"column":5}},"14":{"start":{"line":27,"column":8},"end":{"line":33,"column":9}},"15":{"start":{"line":28,"column":12},"end":{"line":28,"column":52}},"16":{"start":{"line":29,"column":12},"end":{"line":32,"column":13}},"17":{"start":{"line":30,"column":16},"end":{"line":30,"column":69}},"18":{"start":{"line":30,"column":43},"end":{"line":30,"column":69}},"19":{"start":{"line":31,"column":16},"end":{"line":31,"column":48}},"20":{"start":{"line":37,"column":20},"end":{"line":37,"column":22}},"21":{"start":{"line":38,"column":19},"end":{"line":38,"column":21}},"22":{"start":{"line":39,"column":16},"end":{"line":39,"column":43}},"23":{"start":{"line":41,"column":4},"end":{"line":43,"column":5}},"24":{"start":{"line":42,"column":8},"end":{"line":42,"column":35}},"25":{"start":{"line":44,"column":4},"end":{"line":44,"column":25}},"26":{"start":{"line":46,"column":4},"end":{"line":62,"column":5}},"27":{"start":{"line":47,"column":26},"end":{"line":49,"column":9}},"28":{"start":{"line":48,"column":12},"end":{"line":48,"column":65}},"29":{"start":{"line":51,"column":8},"end":{"line":51,"column":34}},"30":{"start":{"line":53,"column":8},"end":{"line":53,"column":39}},"31":{"start":{"line":53,"column":33},"end":{"line":53,"column":39}},"32":{"start":{"line":55,"column":8},"end":{"line":61,"column":9}},"33":{"start":{"line":56,"column":22},"end":{"line":56,"column":48}},"34":{"start":{"line":57,"column":12},"end":{"line":60,"column":13}},"35":{"start":{"line":58,"column":16},"end":{"line":58,"column":42}},"36":{"start":{"line":59,"column":16},"end":{"line":59,"column":49}},"37":{"start":{"line":65,"column":15},"end":{"line":65,"column":17}},"38":{"start":{"line":66,"column":18},"end":{"line":66,"column":21}},"39":{"start":{"line":67,"column":4},"end":{"line":70,"column":5}},"40":{"start":{"line":68,"column":8},"end":{"line":68,"column":30}},"41":{"start":{"line":69,"column":8},"end":{"line":69,"column":36}},"42":{"start":{"line":72,"column":4},"end":{"line":72,"column":41}},"43":{"start":{"line":75,"column":15},"end":{"line":75,"column":54}},"44":{"start":{"line":76,"column":21},"end":{"line":76,"column":67}},"45":{"start":{"line":77,"column":0},"end":{"line":77,"column":44}}},"fnMap":{"0":{"name":"findShortestPath","decl":{"start":{"line":3,"column":16},"end":{"line":3,"column":32}},"loc":{"start":{"line":3,"column":56},"end":{"line":73,"column":1}},"line":3},"1":{"name":"(anonymous_1)","decl":{"start":{"line":47,"column":44},"end":{"line":47,"column":45}},"loc":{"start":{"line":48,"column":12},"end":{"line":48,"column":65}},"line":48}},"branchMap":{"0":{"loc":{"start":{"line":5,"column":4},"end":{"line":7,"column":5}},"type":"if","locations":[{"start":{"line":5,"column":4},"end":{"line":7,"column":5}},{"start":{},"end":{}}],"line":5},"1":{"loc":{"start":{"line":10,"column":8},"end":{"line":12,"column":9}},"type":"if","locations":[{"start":{"line":10,"column":8},"end":{"line":12,"column":9}},{"start":{},"end":{}}],"line":10},"2":{"loc":{"start":{"line":16,"column":46},"end":{"line":16,"column":78}},"type":"binary-expr","locations":[{"start":{"line":16,"column":46},"end":{"line":16,"column":72}},{"start":{"line":16,"column":76},"end":{"line":16,"column":78}}],"line":16},"3":{"loc":{"start":{"line":17,"column":8},"end":{"line":23,"column":9}},"type":"if","locations":[{"start":{"line":17,"column":8},"end":{"line":23,"column":9}},{"start":{},"end":{}}],"line":17},"4":{"loc":{"start":{"line":20,"column":16},"end":{"line":20,"column":69}},"type":"if","locations":[{"start":{"line":20,"column":16},"end":{"line":20,"column":69}},{"start":{},"end":{}}],"line":20},"5":{"loc":{"start":{"line":27,"column":8},"end":{"line":33,"column":9}},"type":"if","locations":[{"start":{"line":27,"column":8},"end":{"line":33,"column":9}},{"start":{},"end":{}}],"line":27},"6":{"loc":{"start":{"line":30,"column":16},"end":{"line":30,"column":69}},"type":"if","locations":[{"start":{"line":30,"column":16},"end":{"line":30,"column":69}},{"start":{},"end":{}}],"line":30},"7":{"loc":{"start":{"line":48,"column":12},"end":{"line":48,"column":65}},"type":"cond-expr","locations":[{"start":{"line":48,"column":51},"end":{"line":48,"column":55}},{"start":{"line":48,"column":58},"end":{"line":48,"column":65}}],"line":48},"8":{"loc":{"start":{"line":53,"column":8},"end":{"line":53,"column":39}},"type":"if","locations":[{"start":{"line":53,"column":8},"end":{"line":53,"column":39}},{"start":{},"end":{}}],"line":53},"9":{"loc":{"start":{"line":57,"column":12},"end":{"line":60,"column":13}},"type":"if","locations":[{"start":{"line":57,"column":12},"end":{"line":60,"column":13}},{"start":{},"end":{}}],"line":57},"10":{"loc":{"start":{"line":72,"column":11},"end":{"line":72,"column":40}},"type":"cond-expr","locations":[{"start":{"line":72,"column":29},"end":{"line":72,"column":33}},{"start":{"line":72,"column":36},"end":{"line":72,"column":40}}],"line":72}},"s":{"0":24,"1":24,"2":2,"3":22,"4":314,"5":190,"6":22,"7":0,"8":0,"9":0,"10":0,"11":0,"12":0,"13":22,"14":314,"15":107,"16":107,"17":116,"18":0,"19":116,"20":22,"21":22,"22":22,"23":22,"24":297,"25":22,"26":22,"27":271,"28":2265,"29":271,"30":271,"31":18,"32":253,"33":766,"34":766,"35":233,"36":233,"37":22,"38":22,"39":22,"40":113,"41":113,"42":22,"43":2,"44":2,"45":2},"f":{"0":24,"1":2265},"b":{"0":[2,22],"1":[190,124],"2":[22,22],"3":[0,0],"4":[0,0],"5":[107,207],"6":[0,116],"7":[116,2149],"8":[18,253],"9":[233,533],"10":[18,4]},"_coverageSchema":"1a1c01bbd47fc00a2c39e90264f33305004495a9","hash":"c5d5de03119d866fc51d6344d261356ae0fe0ed1"}
,"C:\\Users\\joe_s\\Documents\\GitHub\\SE390-Mini-capstone-project\\Concordia_Campus_App\\maps\\IndoorMapScreen.js": {"path":"C:\\Users\\joe_s\\Documents\\GitHub\\SE390-Mini-capstone-project\\Concordia_Campus_App\\maps\\IndoorMapScreen.js","statementMap":{"0":{"start":{"line":18,"column":28},"end":{"line":598,"column":1}},"1":{"start":{"line":19,"column":32},"end":{"line":19,"column":47}},"2":{"start":{"line":20,"column":38},"end":{"line":20,"column":53}},"3":{"start":{"line":21,"column":19},"end":{"line":21,"column":31}},"4":{"start":{"line":22,"column":44},"end":{"line":22,"column":58}},"5":{"start":{"line":23,"column":60},"end":{"line":23,"column":74}},"6":{"start":{"line":24,"column":62},"end":{"line":24,"column":77}},"7":{"start":{"line":25,"column":44},"end":{"line":25,"column":59}},"8":{"start":{"line":27,"column":56},"end":{"line":27,"column":68}},"9":{"start":{"line":28,"column":62},"end":{"line":28,"column":74}},"10":{"start":{"line":29,"column":54},"end":{"line":29,"column":66}},"11":{"start":{"line":31,"column":46},"end":{"line":31,"column":58}},"12":{"start":{"line":32,"column":58},"end":{"line":32,"column":70}},"13":{"start":{"line":33,"column":46},"end":{"line":33,"column":58}},"14":{"start":{"line":34,"column":52},"end":{"line":34,"column":64}},"15":{"start":{"line":35,"column":44},"end":{"line":35,"column":56}},"16":{"start":{"line":36,"column":50},"end":{"line":36,"column":62}},"17":{"start":{"line":38,"column":37},"end":{"line":38,"column":49}},"18":{"start":{"line":39,"column":40},"end":{"line":39,"column":52}},"19":{"start":{"line":40,"column":36},"end":{"line":40,"column":51}},"20":{"start":{"line":41,"column":31},"end":{"line":41,"column":43}},"21":{"start":{"line":44,"column":46},"end":{"line":44,"column":60}},"22":{"start":{"line":45,"column":48},"end":{"line":45,"column":62}},"23":{"start":{"line":47,"column":52},"end":{"line":47,"column":66}},"24":{"start":{"line":48,"column":42},"end":{"line":48,"column":57}},"25":{"start":{"line":49,"column":52},"end":{"line":49,"column":67}},"26":{"start":{"line":51,"column":26},"end":{"line":51,"column":40}},"27":{"start":{"line":52,"column":36},"end":{"line":52,"column":50}},"28":{"start":{"line":55,"column":22},"end":{"line":71,"column":6}},"29":{"start":{"line":56,"column":20},"end":{"line":56,"column":22}},"30":{"start":{"line":57,"column":6},"end":{"line":66,"column":9}},"31":{"start":{"line":58,"column":10},"end":{"line":65,"column":11}},"32":{"start":{"line":59,"column":14},"end":{"line":64,"column":17}},"33":{"start":{"line":60,"column":18},"end":{"line":63,"column":19}},"34":{"start":{"line":62,"column":22},"end":{"line":62,"column":47}},"35":{"start":{"line":67,"column":6},"end":{"line":70,"column":8}},"36":{"start":{"line":73,"column":25},"end":{"line":103,"column":5}},"37":{"start":{"line":74,"column":6},"end":{"line":78,"column":7}},"38":{"start":{"line":75,"column":8},"end":{"line":75,"column":36}},"39":{"start":{"line":77,"column":8},"end":{"line":77,"column":39}},"40":{"start":{"line":80,"column":6},"end":{"line":102,"column":7}},"41":{"start":{"line":81,"column":8},"end":{"line":81,"column":29}},"42":{"start":{"line":82,"column":32},"end":{"line":82,"column":34}},"43":{"start":{"line":84,"column":8},"end":{"line":96,"column":11}},"44":{"start":{"line":85,"column":32},"end":{"line":87,"column":11}},"45":{"start":{"line":86,"column":12},"end":{"line":86,"column":59}},"46":{"start":{"line":90,"column":10},"end":{"line":95,"column":11}},"47":{"start":{"line":91,"column":12},"end":{"line":94,"column":15}},"48":{"start":{"line":98,"column":8},"end":{"line":98,"column":46}},"49":{"start":{"line":100,"column":8},"end":{"line":100,"column":30}},"50":{"start":{"line":101,"column":8},"end":{"line":101,"column":33}},"51":{"start":{"line":105,"column":27},"end":{"line":114,"column":5}},"52":{"start":{"line":106,"column":6},"end":{"line":112,"column":7}},"53":{"start":{"line":107,"column":10},"end":{"line":111,"column":11}},"54":{"start":{"line":108,"column":14},"end":{"line":110,"column":15}},"55":{"start":{"line":109,"column":18},"end":{"line":109,"column":31}},"56":{"start":{"line":113,"column":6},"end":{"line":113,"column":18}},"57":{"start":{"line":117,"column":36},"end":{"line":213,"column":5}},"58":{"start":{"line":118,"column":19},"end":{"line":118,"column":31}},"59":{"start":{"line":119,"column":20},"end":{"line":119,"column":35}},"60":{"start":{"line":120,"column":15},"end":{"line":120,"column":29}},"61":{"start":{"line":121,"column":17},"end":{"line":121,"column":33}},"62":{"start":{"line":122,"column":17},"end":{"line":122,"column":23}},"63":{"start":{"line":123,"column":21},"end":{"line":123,"column":31}},"64":{"start":{"line":124,"column":6},"end":{"line":131,"column":7}},"65":{"start":{"line":125,"column":8},"end":{"line":130,"column":9}},"66":{"start":{"line":126,"column":10},"end":{"line":126,"column":28}},"67":{"start":{"line":129,"column":10},"end":{"line":129,"column":27}},"68":{"start":{"line":133,"column":6},"end":{"line":135,"column":7}},"69":{"start":{"line":134,"column":8},"end":{"line":134,"column":48}},"70":{"start":{"line":138,"column":21},"end":{"line":138,"column":116}},"71":{"start":{"line":138,"column":76},"end":{"line":138,"column":107}},"72":{"start":{"line":139,"column":30},"end":{"line":142,"column":7}},"73":{"start":{"line":140,"column":22},"end":{"line":140,"column":48}},"74":{"start":{"line":141,"column":8},"end":{"line":141,"column":52}},"75":{"start":{"line":144,"column":31},"end":{"line":144,"column":58}},"76":{"start":{"line":145,"column":6},"end":{"line":145,"column":34}},"77":{"start":{"line":146,"column":29},"end":{"line":146,"column":54}},"78":{"start":{"line":147,"column":29},"end":{"line":164,"column":8}},"79":{"start":{"line":148,"column":28},"end":{"line":148,"column":50}},"80":{"start":{"line":150,"column":8},"end":{"line":154,"column":9}},"81":{"start":{"line":151,"column":10},"end":{"line":151,"column":82}},"82":{"start":{"line":153,"column":10},"end":{"line":153,"column":82}},"83":{"start":{"line":156,"column":29},"end":{"line":156,"column":47}},"84":{"start":{"line":157,"column":29},"end":{"line":157,"column":47}},"85":{"start":{"line":159,"column":8},"end":{"line":163,"column":9}},"86":{"start":{"line":160,"column":10},"end":{"line":160,"column":45}},"87":{"start":{"line":162,"column":10},"end":{"line":162,"column":45}},"88":{"start":{"line":165,"column":18},"end":{"line":165,"column":20}},"89":{"start":{"line":167,"column":6},"end":{"line":211,"column":7}},"90":{"start":{"line":167,"column":19},"end":{"line":167,"column":20}},"91":{"start":{"line":168,"column":28},"end":{"line":168,"column":45}},"92":{"start":{"line":169,"column":22},"end":{"line":169,"column":110}},"93":{"start":{"line":169,"column":65},"end":{"line":169,"column":96}},"94":{"start":{"line":173,"column":8},"end":{"line":189,"column":9}},"95":{"start":{"line":175,"column":10},"end":{"line":175,"column":29}},"96":{"start":{"line":176,"column":10},"end":{"line":176,"column":28}},"97":{"start":{"line":177,"column":15},"end":{"line":189,"column":9}},"98":{"start":{"line":179,"column":10},"end":{"line":179,"column":29}},"99":{"start":{"line":180,"column":10},"end":{"line":180,"column":66}},"100":{"start":{"line":181,"column":15},"end":{"line":189,"column":9}},"101":{"start":{"line":183,"column":10},"end":{"line":183,"column":74}},"102":{"start":{"line":184,"column":10},"end":{"line":184,"column":28}},"103":{"start":{"line":187,"column":10},"end":{"line":187,"column":75}},"104":{"start":{"line":188,"column":10},"end":{"line":188,"column":66}},"105":{"start":{"line":191,"column":29},"end":{"line":191,"column":72}},"106":{"start":{"line":193,"column":36},"end":{"line":205,"column":40}},"107":{"start":{"line":195,"column":25},"end":{"line":195,"column":39}},"108":{"start":{"line":196,"column":12},"end":{"line":202,"column":13}},"109":{"start":{"line":197,"column":14},"end":{"line":201,"column":16}},"110":{"start":{"line":203,"column":12},"end":{"line":203,"column":24}},"111":{"start":{"line":205,"column":26},"end":{"line":205,"column":39}},"112":{"start":{"line":207,"column":8},"end":{"line":210,"column":11}},"113":{"start":{"line":212,"column":6},"end":{"line":212,"column":19}},"114":{"start":{"line":215,"column":28},"end":{"line":254,"column":5}},"115":{"start":{"line":217,"column":6},"end":{"line":217,"column":24}},"116":{"start":{"line":220,"column":6},"end":{"line":222,"column":7}},"117":{"start":{"line":221,"column":8},"end":{"line":221,"column":50}},"118":{"start":{"line":224,"column":6},"end":{"line":224,"column":22}},"119":{"start":{"line":225,"column":6},"end":{"line":225,"column":24}},"120":{"start":{"line":227,"column":28},"end":{"line":227,"column":41}},"121":{"start":{"line":228,"column":26},"end":{"line":228,"column":45}},"122":{"start":{"line":230,"column":6},"end":{"line":246,"column":7}},"123":{"start":{"line":231,"column":8},"end":{"line":235,"column":17}},"124":{"start":{"line":232,"column":25},"end":{"line":232,"column":101}},"125":{"start":{"line":233,"column":10},"end":{"line":233,"column":29}},"126":{"start":{"line":234,"column":10},"end":{"line":234,"column":41}},"127":{"start":{"line":237,"column":8},"end":{"line":245,"column":17}},"128":{"start":{"line":238,"column":25},"end":{"line":238,"column":111}},"129":{"start":{"line":239,"column":10},"end":{"line":239,"column":30}},"130":{"start":{"line":241,"column":26},"end":{"line":241,"column":112}},"131":{"start":{"line":242,"column":10},"end":{"line":242,"column":32}},"132":{"start":{"line":243,"column":10},"end":{"line":243,"column":41}},"133":{"start":{"line":244,"column":10},"end":{"line":244,"column":45}},"134":{"start":{"line":248,"column":6},"end":{"line":253,"column":15}},"135":{"start":{"line":249,"column":54},"end":{"line":249,"column":78}},"136":{"start":{"line":250,"column":55},"end":{"line":250,"column":79}},"137":{"start":{"line":256,"column":4},"end":{"line":260,"column":27}},"138":{"start":{"line":257,"column":8},"end":{"line":259,"column":9}},"139":{"start":{"line":258,"column":10},"end":{"line":258,"column":28}},"140":{"start":{"line":266,"column":4},"end":{"line":275,"column":28}},"141":{"start":{"line":267,"column":8},"end":{"line":274,"column":9}},"142":{"start":{"line":268,"column":12},"end":{"line":273,"column":21}},"143":{"start":{"line":277,"column":4},"end":{"line":283,"column":11}},"144":{"start":{"line":278,"column":8},"end":{"line":282,"column":10}},"145":{"start":{"line":279,"column":12},"end":{"line":281,"column":13}},"146":{"start":{"line":280,"column":16},"end":{"line":280,"column":58}},"147":{"start":{"line":285,"column":29},"end":{"line":291,"column":5}},"148":{"start":{"line":286,"column":8},"end":{"line":286,"column":24}},"149":{"start":{"line":287,"column":8},"end":{"line":289,"column":9}},"150":{"start":{"line":288,"column":12},"end":{"line":288,"column":54}},"151":{"start":{"line":290,"column":8},"end":{"line":290,"column":27}},"152":{"start":{"line":294,"column":27},"end":{"line":301,"column":5}},"153":{"start":{"line":295,"column":8},"end":{"line":295,"column":27}},"154":{"start":{"line":296,"column":8},"end":{"line":296,"column":30}},"155":{"start":{"line":297,"column":8},"end":{"line":300,"column":9}},"156":{"start":{"line":298,"column":44},"end":{"line":298,"column":72}},"157":{"start":{"line":299,"column":12},"end":{"line":299,"column":68}},"158":{"start":{"line":303,"column":36},"end":{"line":309,"column":5}},"159":{"start":{"line":304,"column":6},"end":{"line":304,"column":39}},"160":{"start":{"line":305,"column":6},"end":{"line":305,"column":33}},"161":{"start":{"line":306,"column":6},"end":{"line":306,"column":49}},"162":{"start":{"line":307,"column":6},"end":{"line":307,"column":47}},"163":{"start":{"line":308,"column":6},"end":{"line":308,"column":31}},"164":{"start":{"line":311,"column":39},"end":{"line":317,"column":5}},"165":{"start":{"line":312,"column":6},"end":{"line":312,"column":42}},"166":{"start":{"line":313,"column":6},"end":{"line":313,"column":36}},"167":{"start":{"line":314,"column":6},"end":{"line":314,"column":52}},"168":{"start":{"line":315,"column":6},"end":{"line":315,"column":53}},"169":{"start":{"line":316,"column":6},"end":{"line":316,"column":31}},"170":{"start":{"line":319,"column":28},"end":{"line":332,"column":5}},"171":{"start":{"line":334,"column":21},"end":{"line":334,"column":44}},"172":{"start":{"line":336,"column":28},"end":{"line":351,"column":5}},"173":{"start":{"line":337,"column":8},"end":{"line":350,"column":9}},"174":{"start":{"line":339,"column":12},"end":{"line":344,"column":21}},"175":{"start":{"line":347,"column":12},"end":{"line":347,"column":29}},"176":{"start":{"line":348,"column":12},"end":{"line":348,"column":43}},"177":{"start":{"line":349,"column":12},"end":{"line":349,"column":35}},"178":{"start":{"line":353,"column":31},"end":{"line":368,"column":5}},"179":{"start":{"line":354,"column":8},"end":{"line":367,"column":9}},"180":{"start":{"line":356,"column":12},"end":{"line":361,"column":21}},"181":{"start":{"line":364,"column":12},"end":{"line":364,"column":32}},"182":{"start":{"line":365,"column":12},"end":{"line":365,"column":43}},"183":{"start":{"line":366,"column":12},"end":{"line":366,"column":38}},"184":{"start":{"line":371,"column":35},"end":{"line":375,"column":5}},"185":{"start":{"line":372,"column":6},"end":{"line":372,"column":32}},"186":{"start":{"line":373,"column":6},"end":{"line":373,"column":27}},"187":{"start":{"line":374,"column":6},"end":{"line":374,"column":25}},"188":{"start":{"line":378,"column":38},"end":{"line":382,"column":5}},"189":{"start":{"line":379,"column":6},"end":{"line":379,"column":35}},"190":{"start":{"line":380,"column":6},"end":{"line":380,"column":33}},"191":{"start":{"line":381,"column":6},"end":{"line":381,"column":25}},"192":{"start":{"line":385,"column":29},"end":{"line":388,"column":5}},"193":{"start":{"line":386,"column":6},"end":{"line":386,"column":18}},"194":{"start":{"line":387,"column":6},"end":{"line":387,"column":28}},"195":{"start":{"line":391,"column":4},"end":{"line":597,"column":6}},"196":{"start":{"line":412,"column":54},"end":{"line":412,"column":88}},"197":{"start":{"line":437,"column":52},"end":{"line":437,"column":87}},"198":{"start":{"line":491,"column":30},"end":{"line":491,"column":65}},"199":{"start":{"line":491,"column":58},"end":{"line":491,"column":63}},"200":{"start":{"line":535,"column":49},"end":{"line":535,"column":67}},"201":{"start":{"line":537,"column":24},"end":{"line":579,"column":26}},"202":{"start":{"line":551,"column":116},"end":{"line":551,"column":140}},"203":{"start":{"line":559,"column":116},"end":{"line":559,"column":140}},"204":{"start":{"line":567,"column":117},"end":{"line":567,"column":147}},"205":{"start":{"line":573,"column":83},"end":{"line":573,"column":116}},"206":{"start":{"line":576,"column":84},"end":{"line":576,"column":118}},"207":{"start":{"line":584,"column":75},"end":{"line":584,"column":105}},"208":{"start":{"line":585,"column":80},"end":{"line":585,"column":116}}},"fnMap":{"0":{"name":"(anonymous_0)","decl":{"start":{"line":18,"column":28},"end":{"line":18,"column":29}},"loc":{"start":{"line":18,"column":34},"end":{"line":598,"column":1}},"line":18},"1":{"name":"(anonymous_1)","decl":{"start":{"line":55,"column":52},"end":{"line":55,"column":53}},"loc":{"start":{"line":55,"column":64},"end":{"line":71,"column":5}},"line":55},"2":{"name":"(anonymous_2)","decl":{"start":{"line":57,"column":36},"end":{"line":57,"column":37}},"loc":{"start":{"line":57,"column":43},"end":{"line":66,"column":7}},"line":57},"3":{"name":"(anonymous_3)","decl":{"start":{"line":59,"column":49},"end":{"line":59,"column":50}},"loc":{"start":{"line":59,"column":60},"end":{"line":64,"column":15}},"line":59},"4":{"name":"(anonymous_4)","decl":{"start":{"line":73,"column":25},"end":{"line":73,"column":26}},"loc":{"start":{"line":73,"column":47},"end":{"line":103,"column":5}},"line":73},"5":{"name":"(anonymous_5)","decl":{"start":{"line":84,"column":26},"end":{"line":84,"column":27}},"loc":{"start":{"line":84,"column":38},"end":{"line":96,"column":9}},"line":84},"6":{"name":"(anonymous_6)","decl":{"start":{"line":85,"column":54},"end":{"line":85,"column":55}},"loc":{"start":{"line":86,"column":12},"end":{"line":86,"column":59}},"line":86},"7":{"name":"(anonymous_7)","decl":{"start":{"line":105,"column":27},"end":{"line":105,"column":28}},"loc":{"start":{"line":105,"column":43},"end":{"line":114,"column":5}},"line":105},"8":{"name":"(anonymous_8)","decl":{"start":{"line":117,"column":36},"end":{"line":117,"column":37}},"loc":{"start":{"line":117,"column":95},"end":{"line":213,"column":5}},"line":117},"9":{"name":"(anonymous_9)","decl":{"start":{"line":138,"column":64},"end":{"line":138,"column":65}},"loc":{"start":{"line":138,"column":76},"end":{"line":138,"column":107}},"line":138},"10":{"name":"(anonymous_10)","decl":{"start":{"line":139,"column":30},"end":{"line":139,"column":31}},"loc":{"start":{"line":139,"column":41},"end":{"line":142,"column":7}},"line":139},"11":{"name":"(anonymous_11)","decl":{"start":{"line":147,"column":43},"end":{"line":147,"column":44}},"loc":{"start":{"line":147,"column":52},"end":{"line":155,"column":7}},"line":147},"12":{"name":"(anonymous_12)","decl":{"start":{"line":155,"column":14},"end":{"line":155,"column":15}},"loc":{"start":{"line":155,"column":24},"end":{"line":164,"column":7}},"line":155},"13":{"name":"(anonymous_13)","decl":{"start":{"line":169,"column":53},"end":{"line":169,"column":54}},"loc":{"start":{"line":169,"column":65},"end":{"line":169,"column":96}},"line":169},"14":{"name":"(anonymous_14)","decl":{"start":{"line":194,"column":15},"end":{"line":194,"column":16}},"loc":{"start":{"line":194,"column":26},"end":{"line":204,"column":11}},"line":194},"15":{"name":"(anonymous_15)","decl":{"start":{"line":205,"column":18},"end":{"line":205,"column":19}},"loc":{"start":{"line":205,"column":26},"end":{"line":205,"column":39}},"line":205},"16":{"name":"(anonymous_16)","decl":{"start":{"line":215,"column":28},"end":{"line":215,"column":29}},"loc":{"start":{"line":215,"column":34},"end":{"line":254,"column":5}},"line":215},"17":{"name":"(anonymous_17)","decl":{"start":{"line":231,"column":19},"end":{"line":231,"column":20}},"loc":{"start":{"line":231,"column":25},"end":{"line":235,"column":9}},"line":231},"18":{"name":"(anonymous_18)","decl":{"start":{"line":237,"column":19},"end":{"line":237,"column":20}},"loc":{"start":{"line":237,"column":25},"end":{"line":245,"column":9}},"line":237},"19":{"name":"(anonymous_19)","decl":{"start":{"line":249,"column":49},"end":{"line":249,"column":50}},"loc":{"start":{"line":249,"column":54},"end":{"line":249,"column":78}},"line":249},"20":{"name":"(anonymous_20)","decl":{"start":{"line":250,"column":50},"end":{"line":250,"column":51}},"loc":{"start":{"line":250,"column":55},"end":{"line":250,"column":79}},"line":250},"21":{"name":"(anonymous_21)","decl":{"start":{"line":256,"column":14},"end":{"line":256,"column":15}},"loc":{"start":{"line":256,"column":20},"end":{"line":260,"column":5}},"line":256},"22":{"name":"(anonymous_22)","decl":{"start":{"line":266,"column":14},"end":{"line":266,"column":15}},"loc":{"start":{"line":266,"column":20},"end":{"line":275,"column":5}},"line":266},"23":{"name":"(anonymous_23)","decl":{"start":{"line":277,"column":14},"end":{"line":277,"column":15}},"loc":{"start":{"line":277,"column":20},"end":{"line":283,"column":5}},"line":277},"24":{"name":"(anonymous_24)","decl":{"start":{"line":278,"column":15},"end":{"line":278,"column":16}},"loc":{"start":{"line":278,"column":21},"end":{"line":282,"column":9}},"line":278},"25":{"name":"(anonymous_25)","decl":{"start":{"line":285,"column":29},"end":{"line":285,"column":30}},"loc":{"start":{"line":285,"column":35},"end":{"line":291,"column":5}},"line":285},"26":{"name":"(anonymous_26)","decl":{"start":{"line":294,"column":27},"end":{"line":294,"column":28}},"loc":{"start":{"line":294,"column":38},"end":{"line":301,"column":5}},"line":294},"27":{"name":"(anonymous_27)","decl":{"start":{"line":303,"column":36},"end":{"line":303,"column":37}},"loc":{"start":{"line":303,"column":46},"end":{"line":309,"column":5}},"line":303},"28":{"name":"(anonymous_28)","decl":{"start":{"line":311,"column":39},"end":{"line":311,"column":40}},"loc":{"start":{"line":311,"column":49},"end":{"line":317,"column":5}},"line":311},"29":{"name":"(anonymous_29)","decl":{"start":{"line":336,"column":28},"end":{"line":336,"column":29}},"loc":{"start":{"line":336,"column":34},"end":{"line":351,"column":5}},"line":336},"30":{"name":"(anonymous_30)","decl":{"start":{"line":353,"column":31},"end":{"line":353,"column":32}},"loc":{"start":{"line":353,"column":37},"end":{"line":368,"column":5}},"line":353},"31":{"name":"(anonymous_31)","decl":{"start":{"line":371,"column":35},"end":{"line":371,"column":36}},"loc":{"start":{"line":371,"column":41},"end":{"line":375,"column":5}},"line":371},"32":{"name":"(anonymous_32)","decl":{"start":{"line":378,"column":38},"end":{"line":378,"column":39}},"loc":{"start":{"line":378,"column":44},"end":{"line":382,"column":5}},"line":378},"33":{"name":"(anonymous_33)","decl":{"start":{"line":385,"column":29},"end":{"line":385,"column":30}},"loc":{"start":{"line":385,"column":48},"end":{"line":388,"column":5}},"line":385},"34":{"name":"(anonymous_34)","decl":{"start":{"line":412,"column":43},"end":{"line":412,"column":44}},"loc":{"start":{"line":412,"column":54},"end":{"line":412,"column":88}},"line":412},"35":{"name":"(anonymous_35)","decl":{"start":{"line":437,"column":41},"end":{"line":437,"column":42}},"loc":{"start":{"line":437,"column":52},"end":{"line":437,"column":87}},"line":437},"36":{"name":"(anonymous_36)","decl":{"start":{"line":490,"column":37},"end":{"line":490,"column":38}},"loc":{"start":{"line":490,"column":43},"end":{"line":492,"column":29}},"line":490},"37":{"name":"(anonymous_37)","decl":{"start":{"line":491,"column":50},"end":{"line":491,"column":51}},"loc":{"start":{"line":491,"column":58},"end":{"line":491,"column":63}},"line":491},"38":{"name":"(anonymous_38)","decl":{"start":{"line":534,"column":49},"end":{"line":534,"column":50}},"loc":{"start":{"line":534,"column":70},"end":{"line":580,"column":21}},"line":534},"39":{"name":"(anonymous_39)","decl":{"start":{"line":551,"column":111},"end":{"line":551,"column":112}},"loc":{"start":{"line":551,"column":116},"end":{"line":551,"column":140}},"line":551},"40":{"name":"(anonymous_40)","decl":{"start":{"line":559,"column":111},"end":{"line":559,"column":112}},"loc":{"start":{"line":559,"column":116},"end":{"line":559,"column":140}},"line":559},"41":{"name":"(anonymous_41)","decl":{"start":{"line":567,"column":112},"end":{"line":567,"column":113}},"loc":{"start":{"line":567,"column":117},"end":{"line":567,"column":147}},"line":567},"42":{"name":"(anonymous_42)","decl":{"start":{"line":573,"column":70},"end":{"line":573,"column":71}},"loc":{"start":{"line":573,"column":83},"end":{"line":573,"column":116}},"line":573},"43":{"name":"(anonymous_43)","decl":{"start":{"line":576,"column":71},"end":{"line":576,"column":72}},"loc":{"start":{"line":576,"column":84},"end":{"line":576,"column":118}},"line":576},"44":{"name":"(anonymous_44)","decl":{"start":{"line":584,"column":63},"end":{"line":584,"column":64}},"loc":{"start":{"line":584,"column":75},"end":{"line":584,"column":105}},"line":584},"45":{"name":"(anonymous_45)","decl":{"start":{"line":585,"column":68},"end":{"line":585,"column":69}},"loc":{"start":{"line":585,"column":80},"end":{"line":585,"column":116}},"line":585}},"branchMap":{"0":{"loc":{"start":{"line":58,"column":10},"end":{"line":65,"column":11}},"type":"if","locations":[{"start":{"line":58,"column":10},"end":{"line":65,"column":11}},{"start":{},"end":{}}],"line":58},"1":{"loc":{"start":{"line":60,"column":18},"end":{"line":63,"column":19}},"type":"if","locations":[{"start":{"line":60,"column":18},"end":{"line":63,"column":19}},{"start":{},"end":{}}],"line":60},"2":{"loc":{"start":{"line":60,"column":22},"end":{"line":61,"column":146}},"type":"binary-expr","locations":[{"start":{"line":60,"column":22},"end":{"line":60,"column":50}},{"start":{"line":61,"column":22},"end":{"line":61,"column":146}}],"line":60},"3":{"loc":{"start":{"line":74,"column":6},"end":{"line":78,"column":7}},"type":"if","locations":[{"start":{"line":74,"column":6},"end":{"line":78,"column":7}},{"start":{"line":76,"column":13},"end":{"line":78,"column":7}}],"line":74},"4":{"loc":{"start":{"line":80,"column":6},"end":{"line":102,"column":7}},"type":"if","locations":[{"start":{"line":80,"column":6},"end":{"line":102,"column":7}},{"start":{"line":99,"column":13},"end":{"line":102,"column":7}}],"line":80},"5":{"loc":{"start":{"line":90,"column":10},"end":{"line":95,"column":11}},"type":"if","locations":[{"start":{"line":90,"column":10},"end":{"line":95,"column":11}},{"start":{},"end":{}}],"line":90},"6":{"loc":{"start":{"line":108,"column":14},"end":{"line":110,"column":15}},"type":"if","locations":[{"start":{"line":108,"column":14},"end":{"line":110,"column":15}},{"start":{},"end":{}}],"line":108},"7":{"loc":{"start":{"line":108,"column":18},"end":{"line":108,"column":67}},"type":"binary-expr","locations":[{"start":{"line":108,"column":18},"end":{"line":108,"column":44}},{"start":{"line":108,"column":48},"end":{"line":108,"column":67}}],"line":108},"8":{"loc":{"start":{"line":124,"column":6},"end":{"line":131,"column":7}},"type":"if","locations":[{"start":{"line":124,"column":6},"end":{"line":131,"column":7}},{"start":{},"end":{}}],"line":124},"9":{"loc":{"start":{"line":125,"column":8},"end":{"line":130,"column":9}},"type":"if","locations":[{"start":{"line":125,"column":8},"end":{"line":130,"column":9}},{"start":{"line":128,"column":12},"end":{"line":130,"column":9}}],"line":125},"10":{"loc":{"start":{"line":133,"column":6},"end":{"line":135,"column":7}},"type":"if","locations":[{"start":{"line":133,"column":6},"end":{"line":135,"column":7}},{"start":{},"end":{}}],"line":133},"11":{"loc":{"start":{"line":141,"column":15},"end":{"line":141,"column":51}},"type":"cond-expr","locations":[{"start":{"line":141,"column":23},"end":{"line":141,"column":45}},{"start":{"line":141,"column":48},"end":{"line":141,"column":51}}],"line":141},"12":{"loc":{"start":{"line":150,"column":8},"end":{"line":154,"column":9}},"type":"if","locations":[{"start":{"line":150,"column":8},"end":{"line":154,"column":9}},{"start":{"line":152,"column":15},"end":{"line":154,"column":9}}],"line":150},"13":{"loc":{"start":{"line":151,"column":17},"end":{"line":151,"column":81}},"type":"binary-expr","locations":[{"start":{"line":151,"column":17},"end":{"line":151,"column":48}},{"start":{"line":151,"column":52},"end":{"line":151,"column":81}}],"line":151},"14":{"loc":{"start":{"line":153,"column":17},"end":{"line":153,"column":81}},"type":"binary-expr","locations":[{"start":{"line":153,"column":17},"end":{"line":153,"column":48}},{"start":{"line":153,"column":52},"end":{"line":153,"column":81}}],"line":153},"15":{"loc":{"start":{"line":159,"column":8},"end":{"line":163,"column":9}},"type":"if","locations":[{"start":{"line":159,"column":8},"end":{"line":163,"column":9}},{"start":{"line":161,"column":15},"end":{"line":163,"column":9}}],"line":159},"16":{"loc":{"start":{"line":173,"column":8},"end":{"line":189,"column":9}},"type":"if","locations":[{"start":{"line":173,"column":8},"end":{"line":189,"column":9}},{"start":{"line":177,"column":15},"end":{"line":189,"column":9}}],"line":173},"17":{"loc":{"start":{"line":177,"column":15},"end":{"line":189,"column":9}},"type":"if","locations":[{"start":{"line":177,"column":15},"end":{"line":189,"column":9}},{"start":{"line":181,"column":15},"end":{"line":189,"column":9}}],"line":177},"18":{"loc":{"start":{"line":180,"column":20},"end":{"line":180,"column":65}},"type":"cond-expr","locations":[{"start":{"line":180,"column":56},"end":{"line":180,"column":60}},{"start":{"line":180,"column":63},"end":{"line":180,"column":65}}],"line":180},"19":{"loc":{"start":{"line":181,"column":15},"end":{"line":189,"column":9}},"type":"if","locations":[{"start":{"line":181,"column":15},"end":{"line":189,"column":9}},{"start":{"line":185,"column":15},"end":{"line":189,"column":9}}],"line":181},"20":{"loc":{"start":{"line":183,"column":22},"end":{"line":183,"column":73}},"type":"cond-expr","locations":[{"start":{"line":183,"column":58},"end":{"line":183,"column":62}},{"start":{"line":183,"column":65},"end":{"line":183,"column":73}}],"line":183},"21":{"loc":{"start":{"line":187,"column":22},"end":{"line":187,"column":74}},"type":"cond-expr","locations":[{"start":{"line":187,"column":58},"end":{"line":187,"column":62}},{"start":{"line":187,"column":66},"end":{"line":187,"column":74}}],"line":187},"22":{"loc":{"start":{"line":188,"column":20},"end":{"line":188,"column":65}},"type":"cond-expr","locations":[{"start":{"line":188,"column":56},"end":{"line":188,"column":60}},{"start":{"line":188,"column":63},"end":{"line":188,"column":65}}],"line":188},"23":{"loc":{"start":{"line":196,"column":12},"end":{"line":202,"column":13}},"type":"if","locations":[{"start":{"line":196,"column":12},"end":{"line":202,"column":13}},{"start":{},"end":{}}],"line":196},"24":{"loc":{"start":{"line":220,"column":6},"end":{"line":222,"column":7}},"type":"if","locations":[{"start":{"line":220,"column":6},"end":{"line":222,"column":7}},{"start":{},"end":{}}],"line":220},"25":{"loc":{"start":{"line":230,"column":6},"end":{"line":246,"column":7}},"type":"if","locations":[{"start":{"line":230,"column":6},"end":{"line":246,"column":7}},{"start":{"line":236,"column":13},"end":{"line":246,"column":7}}],"line":230},"26":{"loc":{"start":{"line":257,"column":8},"end":{"line":259,"column":9}},"type":"if","locations":[{"start":{"line":257,"column":8},"end":{"line":259,"column":9}},{"start":{},"end":{}}],"line":257},"27":{"loc":{"start":{"line":267,"column":8},"end":{"line":274,"column":9}},"type":"if","locations":[{"start":{"line":267,"column":8},"end":{"line":274,"column":9}},{"start":{},"end":{}}],"line":267},"28":{"loc":{"start":{"line":267,"column":12},"end":{"line":267,"column":36}},"type":"binary-expr","locations":[{"start":{"line":267,"column":12},"end":{"line":267,"column":26}},{"start":{"line":267,"column":30},"end":{"line":267,"column":36}}],"line":267},"29":{"loc":{"start":{"line":279,"column":12},"end":{"line":281,"column":13}},"type":"if","locations":[{"start":{"line":279,"column":12},"end":{"line":281,"column":13}},{"start":{},"end":{}}],"line":279},"30":{"loc":{"start":{"line":287,"column":8},"end":{"line":289,"column":9}},"type":"if","locations":[{"start":{"line":287,"column":8},"end":{"line":289,"column":9}},{"start":{},"end":{}}],"line":287},"31":{"loc":{"start":{"line":297,"column":8},"end":{"line":300,"column":9}},"type":"if","locations":[{"start":{"line":297,"column":8},"end":{"line":300,"column":9}},{"start":{},"end":{}}],"line":297},"32":{"loc":{"start":{"line":297,"column":12},"end":{"line":297,"column":70}},"type":"binary-expr","locations":[{"start":{"line":297,"column":12},"end":{"line":297,"column":17}},{"start":{"line":297,"column":21},"end":{"line":297,"column":38}},{"start":{"line":297,"column":42},"end":{"line":297,"column":70}}],"line":297},"33":{"loc":{"start":{"line":337,"column":8},"end":{"line":350,"column":9}},"type":"if","locations":[{"start":{"line":337,"column":8},"end":{"line":350,"column":9}},{"start":{"line":345,"column":15},"end":{"line":350,"column":9}}],"line":337},"34":{"loc":{"start":{"line":354,"column":8},"end":{"line":367,"column":9}},"type":"if","locations":[{"start":{"line":354,"column":8},"end":{"line":367,"column":9}},{"start":{"line":362,"column":15},"end":{"line":367,"column":9}}],"line":354},"35":{"loc":{"start":{"line":408,"column":17},"end":{"line":416,"column":17}},"type":"binary-expr","locations":[{"start":{"line":408,"column":17},"end":{"line":408,"column":26}},{"start":{"line":408,"column":30},"end":{"line":408,"column":38}},{"start":{"line":409,"column":18},"end":{"line":415,"column":25}}],"line":408},"36":{"loc":{"start":{"line":432,"column":17},"end":{"line":441,"column":24}},"type":"binary-expr","locations":[{"start":{"line":432,"column":17},"end":{"line":432,"column":26}},{"start":{"line":432,"column":30},"end":{"line":432,"column":38}},{"start":{"line":432,"column":42},"end":{"line":432,"column":78}},{"start":{"line":433,"column":16},"end":{"line":441,"column":23}}],"line":432},"37":{"loc":{"start":{"line":434,"column":19},"end":{"line":440,"column":19}},"type":"binary-expr","locations":[{"start":{"line":434,"column":19},"end":{"line":434,"column":55}},{"start":{"line":434,"column":59},"end":{"line":434,"column":75}},{"start":{"line":434,"column":79},"end":{"line":434,"column":87}},{"start":{"line":435,"column":22},"end":{"line":439,"column":24}}],"line":434},"38":{"loc":{"start":{"line":443,"column":17},"end":{"line":451,"column":17}},"type":"binary-expr","locations":[{"start":{"line":443,"column":17},"end":{"line":443,"column":28}},{"start":{"line":443,"column":32},"end":{"line":443,"column":60}},{"start":{"line":444,"column":18},"end":{"line":450,"column":20}}],"line":443},"39":{"loc":{"start":{"line":453,"column":21},"end":{"line":456,"column":42}},"type":"binary-expr","locations":[{"start":{"line":453,"column":21},"end":{"line":453,"column":34}},{"start":{"line":453,"column":38},"end":{"line":453,"column":57}},{"start":{"line":453,"column":61},"end":{"line":453,"column":70}},{"start":{"line":454,"column":22},"end":{"line":456,"column":41}}],"line":453},"40":{"loc":{"start":{"line":461,"column":43},"end":{"line":461,"column":109}},"type":"cond-expr","locations":[{"start":{"line":461,"column":68},"end":{"line":461,"column":90}},{"start":{"line":461,"column":93},"end":{"line":461,"column":109}}],"line":461},"41":{"loc":{"start":{"line":465,"column":49},"end":{"line":465,"column":116}},"type":"cond-expr","locations":[{"start":{"line":465,"column":74},"end":{"line":465,"column":96}},{"start":{"line":465,"column":99},"end":{"line":465,"column":116}}],"line":465},"42":{"loc":{"start":{"line":468,"column":35},"end":{"line":468,"column":110}},"type":"cond-expr","locations":[{"start":{"line":468,"column":63},"end":{"line":468,"column":88}},{"start":{"line":468,"column":91},"end":{"line":468,"column":110}}],"line":468},"43":{"loc":{"start":{"line":472,"column":41},"end":{"line":472,"column":111}},"type":"cond-expr","locations":[{"start":{"line":472,"column":69},"end":{"line":472,"column":91}},{"start":{"line":472,"column":94},"end":{"line":472,"column":111}}],"line":472},"44":{"loc":{"start":{"line":475,"column":27},"end":{"line":497,"column":25}},"type":"binary-expr","locations":[{"start":{"line":475,"column":27},"end":{"line":475,"column":35}},{"start":{"line":476,"column":26},"end":{"line":496,"column":45}}],"line":475},"45":{"loc":{"start":{"line":478,"column":47},"end":{"line":478,"column":85}},"type":"cond-expr","locations":[{"start":{"line":478,"column":66},"end":{"line":478,"column":73}},{"start":{"line":478,"column":76},"end":{"line":478,"column":85}}],"line":478},"46":{"loc":{"start":{"line":509,"column":34},"end":{"line":509,"column":99}},"type":"cond-expr","locations":[{"start":{"line":509,"column":58},"end":{"line":509,"column":79}},{"start":{"line":509,"column":82},"end":{"line":509,"column":99}}],"line":509},"47":{"loc":{"start":{"line":510,"column":35},"end":{"line":510,"column":102}},"type":"cond-expr","locations":[{"start":{"line":510,"column":59},"end":{"line":510,"column":81}},{"start":{"line":510,"column":84},"end":{"line":510,"column":102}}],"line":510},"48":{"loc":{"start":{"line":515,"column":34},"end":{"line":515,"column":144}},"type":"cond-expr","locations":[{"start":{"line":515,"column":58},"end":{"line":515,"column":123}},{"start":{"line":515,"column":127},"end":{"line":515,"column":144}}],"line":515},"49":{"loc":{"start":{"line":515,"column":58},"end":{"line":515,"column":123}},"type":"cond-expr","locations":[{"start":{"line":515,"column":82},"end":{"line":515,"column":103}},{"start":{"line":515,"column":106},"end":{"line":515,"column":123}}],"line":515},"50":{"loc":{"start":{"line":516,"column":35},"end":{"line":516,"column":148}},"type":"cond-expr","locations":[{"start":{"line":516,"column":59},"end":{"line":516,"column":126}},{"start":{"line":516,"column":130},"end":{"line":516,"column":148}}],"line":516},"51":{"loc":{"start":{"line":516,"column":59},"end":{"line":516,"column":126}},"type":"cond-expr","locations":[{"start":{"line":516,"column":83},"end":{"line":516,"column":105}},{"start":{"line":516,"column":108},"end":{"line":516,"column":126}}],"line":516},"52":{"loc":{"start":{"line":523,"column":21},"end":{"line":532,"column":21}},"type":"binary-expr","locations":[{"start":{"line":523,"column":21},"end":{"line":523,"column":42}},{"start":{"line":523,"column":46},"end":{"line":523,"column":58}},{"start":{"line":524,"column":24},"end":{"line":531,"column":26}}],"line":523},"53":{"loc":{"start":{"line":542,"column":47},"end":{"line":542,"column":90}},"type":"cond-expr","locations":[{"start":{"line":542,"column":58},"end":{"line":542,"column":71}},{"start":{"line":542,"column":74},"end":{"line":542,"column":90}}],"line":542},"54":{"loc":{"start":{"line":543,"column":49},"end":{"line":543,"column":96}},"type":"cond-expr","locations":[{"start":{"line":543,"column":60},"end":{"line":543,"column":73}},{"start":{"line":543,"column":76},"end":{"line":543,"column":96}}],"line":543},"55":{"loc":{"start":{"line":548,"column":33},"end":{"line":554,"column":33}},"type":"binary-expr","locations":[{"start":{"line":548,"column":33},"end":{"line":548,"column":70}},{"start":{"line":548,"column":74},"end":{"line":548,"column":105}},{"start":{"line":548,"column":109},"end":{"line":548,"column":117}},{"start":{"line":549,"column":36},"end":{"line":553,"column":38}}],"line":548},"56":{"loc":{"start":{"line":551,"column":47},"end":{"line":551,"column":186}},"type":"cond-expr","locations":[{"start":{"line":551,"column":80},"end":{"line":551,"column":174}},{"start":{"line":551,"column":177},"end":{"line":551,"column":186}}],"line":551},"57":{"loc":{"start":{"line":551,"column":47},"end":{"line":551,"column":77}},"type":"binary-expr","locations":[{"start":{"line":551,"column":47},"end":{"line":551,"column":60}},{"start":{"line":551,"column":64},"end":{"line":551,"column":77}}],"line":551},"58":{"loc":{"start":{"line":556,"column":33},"end":{"line":562,"column":33}},"type":"binary-expr","locations":[{"start":{"line":556,"column":33},"end":{"line":556,"column":69}},{"start":{"line":556,"column":73},"end":{"line":556,"column":104}},{"start":{"line":556,"column":108},"end":{"line":556,"column":116}},{"start":{"line":557,"column":36},"end":{"line":561,"column":38}}],"line":556},"59":{"loc":{"start":{"line":559,"column":47},"end":{"line":559,"column":186}},"type":"cond-expr","locations":[{"start":{"line":559,"column":80},"end":{"line":559,"column":174}},{"start":{"line":559,"column":177},"end":{"line":559,"column":186}}],"line":559},"60":{"loc":{"start":{"line":559,"column":47},"end":{"line":559,"column":77}},"type":"binary-expr","locations":[{"start":{"line":559,"column":47},"end":{"line":559,"column":60}},{"start":{"line":559,"column":64},"end":{"line":559,"column":77}}],"line":559},"61":{"loc":{"start":{"line":564,"column":33},"end":{"line":570,"column":33}},"type":"binary-expr","locations":[{"start":{"line":564,"column":33},"end":{"line":564,"column":69}},{"start":{"line":564,"column":73},"end":{"line":564,"column":110}},{"start":{"line":564,"column":114},"end":{"line":564,"column":122}},{"start":{"line":565,"column":36},"end":{"line":569,"column":38}}],"line":564},"62":{"loc":{"start":{"line":567,"column":47},"end":{"line":567,"column":194}},"type":"cond-expr","locations":[{"start":{"line":567,"column":81},"end":{"line":567,"column":182}},{"start":{"line":567,"column":185},"end":{"line":567,"column":194}}],"line":567},"63":{"loc":{"start":{"line":567,"column":47},"end":{"line":567,"column":78}},"type":"binary-expr","locations":[{"start":{"line":567,"column":47},"end":{"line":567,"
[...]
"column":20},"end":{"line":20,"column":5}},"line":13},"2":{"name":"(anonymous_2)","decl":{"start":{"line":15,"column":39},"end":{"line":15,"column":40}},"loc":{"start":{"line":15,"column":45},"end":{"line":18,"column":9}},"line":15},"3":{"name":"(anonymous_3)","decl":{"start":{"line":19,"column":15},"end":{"line":19,"column":16}},"loc":{"start":{"line":19,"column":21},"end":{"line":19,"column":46}},"line":19},"4":{"name":"(anonymous_4)","decl":{"start":{"line":22,"column":24},"end":{"line":22,"column":25}},"loc":{"start":{"line":22,"column":30},"end":{"line":33,"column":5}},"line":22},"5":{"name":"(anonymous_5)","decl":{"start":{"line":35,"column":23},"end":{"line":35,"column":24}},"loc":{"start":{"line":35,"column":42},"end":{"line":77,"column":5}},"line":35},"6":{"name":"(anonymous_6)","decl":{"start":{"line":40,"column":59},"end":{"line":40,"column":60}},"loc":{"start":{"line":40,"column":67},"end":{"line":49,"column":9}},"line":40},"7":{"name":"(anonymous_7)","decl":{"start":{"line":96,"column":102},"end":{"line":96,"column":103}},"loc":{"start":{"line":96,"column":108},"end":{"line":96,"column":151}},"line":96}},"branchMap":{"0":{"loc":{"start":{"line":25,"column":8},"end":{"line":32,"column":9}},"type":"if","locations":[{"start":{"line":25,"column":8},"end":{"line":32,"column":9}},{"start":{"line":27,"column":14},"end":{"line":32,"column":9}}],"line":25},"1":{"loc":{"start":{"line":25,"column":11},"end":{"line":25,"column":45}},"type":"binary-expr","locations":[{"start":{"line":25,"column":11},"end":{"line":25,"column":26}},{"start":{"line":25,"column":30},"end":{"line":25,"column":45}}],"line":25},"2":{"loc":{"start":{"line":27,"column":14},"end":{"line":32,"column":9}},"type":"if","locations":[{"start":{"line":27,"column":14},"end":{"line":32,"column":9}},{"start":{"line":29,"column":13},"end":{"line":32,"column":9}}],"line":27},"3":{"loc":{"start":{"line":43,"column":12},"end":{"line":47,"column":13}},"type":"if","locations":[{"start":{"line":43,"column":12},"end":{"line":47,"column":13}},{"start":{"line":45,"column":18},"end":{"line":47,"column":13}}],"line":43},"4":{"loc":{"start":{"line":43,"column":15},"end":{"line":43,"column":46}},"type":"binary-expr","locations":[{"start":{"line":43,"column":15},"end":{"line":43,"column":30}},{"start":{"line":43,"column":34},"end":{"line":43,"column":46}}],"line":43},"5":{"loc":{"start":{"line":45,"column":18},"end":{"line":47,"column":13}},"type":"if","locations":[{"start":{"line":45,"column":18},"end":{"line":47,"column":13}},{"start":{},"end":{}}],"line":45},"6":{"loc":{"start":{"line":45,"column":21},"end":{"line":45,"column":52}},"type":"binary-expr","locations":[{"start":{"line":45,"column":21},"end":{"line":45,"column":36}},{"start":{"line":45,"column":40},"end":{"line":45,"column":52}}],"line":45},"7":{"loc":{"start":{"line":56,"column":12},"end":{"line":75,"column":13}},"type":"if","locations":[{"start":{"line":56,"column":12},"end":{"line":75,"column":13}},{"start":{},"end":{}}],"line":56},"8":{"loc":{"start":{"line":65,"column":16},"end":{"line":73,"column":17}},"type":"if","locations":[{"start":{"line":65,"column":16},"end":{"line":73,"column":17}},{"start":{"line":71,"column":21},"end":{"line":73,"column":17}}],"line":65},"9":{"loc":{"start":{"line":66,"column":20},"end":{"line":70,"column":21}},"type":"if","locations":[{"start":{"line":66,"column":20},"end":{"line":70,"column":21}},{"start":{"line":68,"column":25},"end":{"line":70,"column":21}}],"line":66},"10":{"loc":{"start":{"line":72,"column":67},"end":{"line":72,"column":101}},"type":"cond-expr","locations":[{"start":{"line":72,"column":93},"end":{"line":72,"column":96}},{"start":{"line":72,"column":99},"end":{"line":72,"column":101}}],"line":72},"11":{"loc":{"start":{"line":72,"column":143},"end":{"line":72,"column":179}},"type":"cond-expr","locations":[{"start":{"line":72,"column":171},"end":{"line":72,"column":174}},{"start":{"line":72,"column":177},"end":{"line":72,"column":179}}],"line":72},"12":{"loc":{"start":{"line":82,"column":17},"end":{"line":100,"column":17}},"type":"binary-expr","locations":[{"start":{"line":82,"column":17},"end":{"line":82,"column":24}},{"start":{"line":83,"column":20},"end":{"line":99,"column":23}}],"line":82},"13":{"loc":{"start":{"line":102,"column":17},"end":{"line":107,"column":17}},"type":"binary-expr","locations":[{"start":{"line":102,"column":17},"end":{"line":102,"column":38}},{"start":{"line":103,"column":20},"end":{"line":106,"column":27}}],"line":102},"14":{"loc":{"start":{"line":109,"column":17},"end":{"line":114,"column":17}},"type":"binary-expr","locations":[{"start":{"line":109,"column":17},"end":{"line":109,"column":25}},{"start":{"line":109,"column":29},"end":{"line":109,"column":37}},{"start":{"line":110,"column":20},"end":{"line":113,"column":27}}],"line":109}},"s":{"0":9,"1":9,"2":9,"3":9,"4":9,"5":9,"6":6,"7":6,"8":4,"9":4,"10":6,"11":6,"12":9,"13":4,"14":4,"15":0,"16":4,"17":4,"18":0,"19":0,"20":9,"21":4,"22":4,"23":4,"24":12,"25":12,"26":12,"27":12,"28":0,"29":0,"30":12,"31":4,"32":4,"33":4,"34":4,"35":8,"36":8,"37":4,"38":4,"39":4,"40":4,"41":4,"42":4,"43":4,"44":4,"45":0,"46":4,"47":0,"48":4,"49":9,"50":0},"f":{"0":9,"1":6,"2":4,"3":6,"4":4,"5":4,"6":12,"7":0},"b":{"0":[0,4],"1":[4,4],"2":[4,0],"3":[12,0],"4":[12,12],"5":[0,0],"6":[0,0],"7":[4,4],"8":[4,0],"9":[0,4],"10":[0,0],"11":[0,0],"12":[9,7],"13":[9,2],"14":[9,2,0]},"_coverageSchema":"1a1c01bbd47fc00a2c39e90264f33305004495a9","hash":"a8245f87d90b8a3c980869886eb06d8ecb142604"}
,"C:\\Users\\joe_s\\Documents\\GitHub\\SE390-Mini-capstone-project\\Concordia_Campus_App\\shuttle_bus\\shuttle_directions.js": {"path":"C:\\Users\\joe_s\\Documents\\GitHub\\SE390-Mini-capstone-project\\Concordia_Campus_App\\shuttle_bus\\shuttle_directions.js","statementMap":{"0":{"start":{"line":9,"column":26},"end":{"line":96,"column":1}},"1":{"start":{"line":10,"column":34},"end":{"line":10,"column":48}},"2":{"start":{"line":11,"column":38},"end":{"line":11,"column":50}},"3":{"start":{"line":13,"column":26},"end":{"line":36,"column":3}},"4":{"start":{"line":14,"column":25},"end":{"line":14,"column":65}},"5":{"start":{"line":15,"column":23},"end":{"line":15,"column":73}},"6":{"start":{"line":17,"column":4},"end":{"line":35,"column":5}},"7":{"start":{"line":18,"column":23},"end":{"line":18,"column":154}},"8":{"start":{"line":19,"column":19},"end":{"line":19,"column":40}},"9":{"start":{"line":21,"column":6},"end":{"line":32,"column":7}},"10":{"start":{"line":22,"column":22},"end":{"line":29,"column":11}},"11":{"start":{"line":22,"column":73},"end":{"line":29,"column":9}},"12":{"start":{"line":30,"column":8},"end":{"line":30,"column":27}},"13":{"start":{"line":31,"column":8},"end":{"line":31,"column":29}},"14":{"start":{"line":34,"column":6},"end":{"line":34,"column":55}},"15":{"start":{"line":38,"column":2},"end":{"line":46,"column":9}},"16":{"start":{"line":39,"column":30},"end":{"line":44,"column":5}},"17":{"start":{"line":40,"column":23},"end":{"line":40,"column":42}},"18":{"start":{"line":41,"column":6},"end":{"line":43,"column":7}},"19":{"start":{"line":42,"column":8},"end":{"line":42,"column":30}},"20":{"start":{"line":45,"column":4},"end":{"line":45,"column":24}},"21":{"start":{"line":48,"column":2},"end":{"line":52,"column":17}},"22":{"start":{"line":49,"column":4},"end":{"line":51,"column":5}},"23":{"start":{"line":50,"column":6},"end":{"line":50,"column":38}},"24":{"start":{"line":54,"column":2},"end":{"line":95,"column":4}},"25":{"start":{"line":81,"column":14},"end":{"line":87,"column":21}}},"fnMap":{"0":{"name":"(anonymous_0)","decl":{"start":{"line":9,"column":26},"end":{"line":9,"column":27}},"loc":{"start":{"line":9,"column":40},"end":{"line":96,"column":1}},"line":9},"1":{"name":"(anonymous_1)","decl":{"start":{"line":13,"column":26},"end":{"line":13,"column":27}},"loc":{"start":{"line":13,"column":57},"end":{"line":36,"column":3}},"line":13},"2":{"name":"(anonymous_2)","decl":{"start":{"line":22,"column":55},"end":{"line":22,"column":56}},"loc":{"start":{"line":22,"column":73},"end":{"line":29,"column":9}},"line":22},"3":{"name":"(anonymous_3)","decl":{"start":{"line":38,"column":12},"end":{"line":38,"column":13}},"loc":{"start":{"line":38,"column":18},"end":{"line":46,"column":3}},"line":38},"4":{"name":"(anonymous_4)","decl":{"start":{"line":39,"column":30},"end":{"line":39,"column":31}},"loc":{"start":{"line":39,"column":42},"end":{"line":44,"column":5}},"line":39},"5":{"name":"(anonymous_5)","decl":{"start":{"line":48,"column":12},"end":{"line":48,"column":13}},"loc":{"start":{"line":48,"column":18},"end":{"line":52,"column":3}},"line":48},"6":{"name":"(anonymous_6)","decl":{"start":{"line":80,"column":27},"end":{"line":80,"column":28}},"loc":{"start":{"line":81,"column":14},"end":{"line":87,"column":21}},"line":81}},"branchMap":{"0":{"loc":{"start":{"line":21,"column":6},"end":{"line":32,"column":7}},"type":"if","locations":[{"start":{"line":21,"column":6},"end":{"line":32,"column":7}},{"start":{},"end":{}}],"line":21},"1":{"loc":{"start":{"line":41,"column":6},"end":{"line":43,"column":7}},"type":"if","locations":[{"start":{"line":41,"column":6},"end":{"line":43,"column":7}},{"start":{},"end":{}}],"line":41},"2":{"loc":{"start":{"line":49,"column":4},"end":{"line":51,"column":5}},"type":"if","locations":[{"start":{"line":49,"column":4},"end":{"line":51,"column":5}},{"start":{},"end":{}}],"line":49},"3":{"loc":{"start":{"line":49,"column":8},"end":{"line":49,"column":24}},"type":"binary-expr","locations":[{"start":{"line":49,"column":8},"end":{"line":49,"column":16}},{"start":{"line":49,"column":20},"end":{"line":49,"column":24}}],"line":49},"4":{"loc":{"start":{"line":56,"column":7},"end":{"line":74,"column":7}},"type":"binary-expr","locations":[{"start":{"line":56,"column":7},"end":{"line":56,"column":15}},{"start":{"line":56,"column":19},"end":{"line":56,"column":23}},{"start":{"line":57,"column":8},"end":{"line":73,"column":23}}],"line":56},"5":{"loc":{"start":{"line":79,"column":11},"end":{"line":91,"column":11}},"type":"cond-expr","locations":[{"start":{"line":80,"column":12},"end":{"line":88,"column":14}},{"start":{"line":90,"column":12},"end":{"line":90,"column":56}}],"line":79},"6":{"loc":{"start":{"line":83,"column":37},"end":{"line":83,"column":85}},"type":"cond-expr","locations":[{"start":{"line":83,"column":55},"end":{"line":83,"column":69}},{"start":{"line":83,"column":72},"end":{"line":83,"column":85}}],"line":83}},"s":{"0":10,"1":5,"2":5,"3":5,"4":2,"5":2,"6":2,"7":2,"8":2,"9":2,"10":1,"11":2,"12":1,"13":1,"14":1,"15":5,"16":2,"17":2,"18":2,"19":2,"20":2,"21":5,"22":4,"23":2,"24":5,"25":2},"f":{"0":5,"1":2,"2":2,"3":2,"4":2,"5":4,"6":2},"b":{"0":[1,0],"1":[2,0],"2":[2,2],"3":[4,2],"4":[5,3,3],"5":[1,4],"6":[1,1]},"_coverageSchema":"1a1c01bbd47fc00a2c39e90264f33305004495a9","hash":"f723e7277608bf527f8f461ba61d8ab057ccc414"}
,"C:\\Users\\joe_s\\Documents\\GitHub\\SE390-Mini-capstone-project\\Concordia_Campus_App\\shuttle_bus\\styles\\bottom_sheet_styles.js": {"path":"C:\\Users\\joe_s\\Documents\\GitHub\\SE390-Mini-capstone-project\\Concordia_Campus_App\\shuttle_bus\\styles\\bottom_sheet_styles.js","statementMap":{"0":{"start":{"line":3,"column":15},"end":{"line":56,"column":2}}},"fnMap":{},"branchMap":{},"s":{"0":9},"f":{},"b":{},"_coverageSchema":"1a1c01bbd47fc00a2c39e90264f33305004495a9","hash":"98a0302a39b2e6c04f616e255ed8fe4b620877a8"}
,"C:\\Users\\joe_s\\Documents\\GitHub\\SE390-Mini-capstone-project\\Concordia_Campus_App\\shuttle_bus\\styles\\full_schedule_styles.js": {"path":"C:\\Users\\joe_s\\Documents\\GitHub\\SE390-Mini-capstone-project\\Concordia_Campus_App\\shuttle_bus\\styles\\full_schedule_styles.js","statementMap":{"0":{"start":{"line":3,"column":15},"end":{"line":59,"column":2}}},"fnMap":{},"branchMap":{},"s":{"0":1},"f":{},"b":{},"_coverageSchema":"1a1c01bbd47fc00a2c39e90264f33305004495a9","hash":"eaaff7925a845828e71a3e126f37fd030f3aa1b5"}
,"C:\\Users\\joe_s\\Documents\\GitHub\\SE390-Mini-capstone-project\\Concordia_Campus_App\\shuttle_bus\\styles\\shuttle_directions_styles.js": {"path":"C:\\Users\\joe_s\\Documents\\GitHub\\SE390-Mini-capstone-project\\Concordia_Campus_App\\shuttle_bus\\styles\\shuttle_directions_styles.js","statementMap":{"0":{"start":{"line":3,"column":15},"end":{"line":12,"column":2}}},"fnMap":{},"branchMap":{},"s":{"0":10},"f":{},"b":{},"_coverageSchema":"1a1c01bbd47fc00a2c39e90264f33305004495a9","hash":"81a01d8e657c07a7dab53e603585ab9f96e4ccd5"}
,"C:\\Users\\joe_s\\Documents\\GitHub\\SE390-Mini-capstone-project\\Concordia_Campus_App\\utilities\\SearchBar.js": {"path":"C:\\Users\\joe_s\\Documents\\GitHub\\SE390-Mini-capstone-project\\Concordia_Campus_App\\utilities\\SearchBar.js","statementMap":{"0":{"start":{"line":6,"column":18},"end":{"line":39,"column":1}},"1":{"start":{"line":7,"column":4},"end":{"line":38,"column":6}},"2":{"start":{"line":27,"column":39},"end":{"line":27,"column":99}},"3":{"start":{"line":28,"column":48},"end":{"line":28,"column":128}},"4":{"start":{"line":31,"column":102},"end":{"line":31,"column":117}},"5":{"start":{"line":41,"column":14},"end":{"line":81,"column":4}}},"fnMap":{"0":{"name":"(anonymous_0)","decl":{"start":{"line":6,"column":18},"end":{"line":6,"column":19}},"loc":{"start":{"line":6,"column":148},"end":{"line":39,"column":1}},"line":6},"1":{"name":"(anonymous_1)","decl":{"start":{"line":27,"column":33},"end":{"line":27,"column":34}},"loc":{"start":{"line":27,"column":39},"end":{"line":27,"column":99}},"line":27},"2":{"name":"(anonymous_2)","decl":{"start":{"line":28,"column":38},"end":{"line":28,"column":39}},"loc":{"start":{"line":28,"column":48},"end":{"line":28,"column":128}},"line":28},"3":{"name":"(anonymous_3)","decl":{"start":{"line":31,"column":95},"end":{"line":31,"column":96}},"loc":{"start":{"line":31,"column":101},"end":{"line":31,"column":118}},"line":31}},"branchMap":{"0":{"loc":{"start":{"line":10,"column":17},"end":{"line":19,"column":17}},"type":"cond-expr","locations":[{"start":{"line":11,"column":20},"end":{"line":14,"column":27}},{"start":{"line":16,"column":20},"end":{"line":18,"column":27}}],"line":10},"1":{"loc":{"start":{"line":27,"column":39},"end":{"line":27,"column":99}},"type":"cond-expr","locations":[{"start":{"line":27,"column":66},"end":{"line":27,"column":92}},{"start":{"line":27,"column":95},"end":{"line":27,"column":99}}],"line":27},"2":{"loc":{"start":{"line":28,"column":48},"end":{"line":28,"column":128}},"type":"cond-expr","locations":[{"start":{"line":28,"column":75},"end":{"line":28,"column":105}},{"start":{"line":28,"column":108},"end":{"line":28,"column":128}}],"line":28},"3":{"loc":{"start":{"line":30,"column":21},"end":{"line":34,"column":21}},"type":"binary-expr","locations":[{"start":{"line":30,"column":21},"end":{"line":30,"column":42}},{"start":{"line":31,"column":24},"end":{"line":33,"column":43}}],"line":30}},"s":{"0":9,"1":122,"2":11,"3":12,"4":4,"5":9},"f":{"0":122,"1":11,"2":12,"3":4},"b":{"0":[11,111],"1":[10,1],"2":[10,2],"3":[122,73]},"_coverageSchema":"1a1c01bbd47fc00a2c39e90264f33305004495a9","hash":"143b5e498eebffb9e9a9e232d47561d5d7a6fd0d"}
,"C:\\Users\\joe_s\\Documents\\GitHub\\SE390-Mini-capstone-project\\Concordia_Campus_App\\utilities\\SearchResults.js": {"path":"C:\\Users\\joe_s\\Documents\\GitHub\\SE390-Mini-capstone-project\\Concordia_Campus_App\\utilities\\SearchResults.js","statementMap":{"0":{"start":{"line":5,"column":22},"end":{"line":36,"column":1}},"1":{"start":{"line":6,"column":4},"end":{"line":35,"column":6}},"2":{"start":{"line":11,"column":20},"end":{"line":11,"column":68}},"3":{"start":{"line":11,"column":48},"end":{"line":11,"column":66}},"4":{"start":{"line":15,"column":39},"end":{"line":18,"column":28}},"5":{"start":{"line":16,"column":24},"end":{"line":17,"column":37}},"6":{"start":{"line":16,"column":76},"end":{"line":16,"column":94}},"7":{"start":{"line":19,"column":46},"end":{"line":19,"column":86}},"8":{"start":{"line":21,"column":24},"end":{"line":29,"column":26}},"9":{"start":{"line":23,"column":47},"end":{"line":23,"column":199}},"10":{"start":{"line":31,"column":47},"end":{"line":31,"column":119}},"11":{"start":{"line":38,"column":14},"end":{"line":52,"column":2}}},"fnMap":{"0":{"name":"(anonymous_0)","decl":{"start":{"line":5,"column":22},"end":{"line":5,"column":23}},"loc":{"start":{"line":5,"column":127},"end":{"line":36,"column":1}},"line":5},"1":{"name":"(anonymous_1)","decl":{"start":{"line":10,"column":69},"end":{"line":10,"column":70}},"loc":{"start":{"line":11,"column":20},"end":{"line":11,"column":68}},"line":11},"2":{"name":"(anonymous_2)","decl":{"start":{"line":11,"column":39},"end":{"line":11,"column":40}},"loc":{"start":{"line":11,"column":48},"end":{"line":11,"column":66}},"line":11},"3":{"name":"(anonymous_3)","decl":{"start":{"line":14,"column":28},"end":{"line":14,"column":29}},"loc":{"start":{"line":14,"column":61},"end":{"line":30,"column":17}},"line":14},"4":{"name":"(anonymous_4)","decl":{"start":{"line":15,"column":62},"end":{"line":15,"column":63}},"loc":{"start":{"line":16,"column":24},"end":{"line":17,"column":37}},"line":16},"5":{"name":"(anonymous_5)","decl":{"start":{"line":16,"column":67},"end":{"line":16,"column":68}},"loc":{"start":{"line":16,"column":76},"end":{"line":16,"column":94}},"line":16},"6":{"name":"(anonymous_6)","decl":{"start":{"line":23,"column":41},"end":{"line":23,"column":42}},"loc":{"start":{"line":23,"column":47},"end":{"line":23,"column":199}},"line":23},"7":{"name":"(anonymous_7)","decl":{"start":{"line":31,"column":30},"end":{"line":31,"column":31}},"loc":{"start":{"line":31,"column":47},"end":{"line":31,"column":119}},"line":31}},"branchMap":{"0":{"loc":{"start":{"line":10,"column":22},"end":{"line":12,"column":34}},"type":"cond-expr","locations":[{"start":{"line":10,"column":46},"end":{"line":11,"column":69}},{"start":{"line":12,"column":20},"end":{"line":12,"column":34}}],"line":10},"1":{"loc":{"start":{"line":16,"column":24},"end":{"line":17,"column":37}},"type":"cond-expr","locations":[{"start":{"line":16,"column":48},"end":{"line":16,"column":96}},{"start":{"line":17,"column":23},"end":{"line":17,"column":37}}],"line":16},"2":{"loc":{"start":{"line":19,"column":46},"end":{"line":19,"column":86}},"type":"binary-expr","locations":[{"start":{"line":19,"column":46},"end":{"line":19,"column":60}},{"start":{"line":19,"column":64},"end":{"line":19,"column":86}}],"line":19},"3":{"loc":{"start":{"line":23,"column":47},"end":{"line":23,"column":199}},"type":"cond-expr","locations":[{"start":{"line":23,"column":75},"end":{"line":23,"column":146}},{"start":{"line":23,"column":150},"end":{"line":23,"column":199}}],"line":23},"4":{"loc":{"start":{"line":23,"column":75},"end":{"line":23,"column":146}},"type":"cond-expr","locations":[{"start":{"line":23,"column":86},"end":{"line":23,"column":112}},{"start":{"line":23,"column":115},"end":{"line":23,"column":146}}],"line":23},"5":{"loc":{"start":{"line":25,"column":63},"end":{"line":25,"column":108}},"type":"cond-expr","locations":[{"start":{"line":25,"column":87},"end":{"line":25,"column":96}},{"start":{"line":25,"column":99},"end":{"line":25,"column":108}}],"line":25},"6":{"loc":{"start":{"line":27,"column":33},"end":{"line":27,"column":82}},"type":"binary-expr","locations":[{"start":{"line":27,"column":33},"end":{"line":27,"column":46}},{"start":{"line":27,"column":50},"end":{"line":27,"column":82}}],"line":27},"7":{"loc":{"start":{"line":31,"column":47},"end":{"line":31,"column":119}},"type":"cond-expr","locations":[{"start":{"line":31,"column":71},"end":{"line":31,"column":107}},{"start":{"line":31,"column":110},"end":{"line":31,"column":119}}],"line":31}},"s":{"0":9,"1":12,"2":10,"3":44,"4":46,"5":46,"6":208,"7":46,"8":46,"9":12,"10":58,"11":9},"f":{"0":12,"1":10,"2":44,"3":46,"4":46,"5":208,"6":12,"7":58},"b":{"0":[10,2],"1":[44,2],"2":[46,44],"3":[10,2],"4":[5,5],"5":[44,2],"6":[46,34],"7":[54,4]},"_coverageSchema":"1a1c01bbd47fc00a2c39e90264f33305004495a9","hash":"b48826b851a7b5cc62845317fbe2da09ddae1e9d"}
}
