TN:
SF:calendar/calendar.js
FN:24,Calendar
FN:32,(anonymous_1)
FN:33,(anonymous_2)
FN:40,(anonymous_3)
FN:73,(anonymous_4)
FN:74,(anonymous_5)
FN:84,(anonymous_6)
FN:123,(anonymous_7)
FN:163,(anonymous_8)
FN:164,(anonymous_9)
FN:167,(anonymous_10)
FN:172,(anonymous_11)
FN:173,(anonymous_12)
FN:196,(anonymous_13)
FN:203,(anonymous_14)
FN:212,(anonymous_15)
FN:215,(anonymous_16)
FN:228,(anonymous_17)
FN:230,(anonymous_18)
FN:251,(anonymous_19)
FN:254,(anonymous_20)
FN:259,(anonymous_21)
FN:262,(anonymous_22)
FNF:23
FNH:13
FNDA:37,Calendar
FNDA:0,(anonymous_1)
FNDA:0,(anonymous_2)
FNDA:5,(anonymous_3)
FNDA:1,(anonymous_4)
FNDA:1,(anonymous_5)
FNDA:5,(anonymous_6)
FNDA:5,(anonymous_7)
FNDA:6,(anonymous_8)
FNDA:6,(anonymous_9)
FNDA:6,(anonymous_10)
FNDA:37,(anonymous_11)
FNDA:0,(anonymous_12)
FNDA:0,(anonymous_13)
FNDA:1,(anonymous_14)
FNDA:20,(anonymous_15)
FNDA:0,(anonymous_16)
FNDA:6,(anonymous_17)
FNDA:0,(anonymous_18)
FNDA:0,(anonymous_19)
FNDA:0,(anonymous_20)
FNDA:0,(anonymous_21)
FNDA:0,(anonymous_22)
DA:11,1
DA:12,1
DA:14,1
DA:16,1
DA:25,37
DA:26,37
DA:27,37
DA:28,37
DA:29,37
DA:30,37
DA:31,37
DA:32,37
DA:33,0
DA:37,37
DA:40,37
DA:41,5
DA:43,5
DA:50,5
DA:51,5
DA:52,5
DA:53,5
DA:54,5
DA:55,5
DA:61,5
DA:62,5
DA:63,5
DA:64,5
DA:66,5
DA:69,0
DA:73,37
DA:74,1
DA:75,1
DA:76,1
DA:77,1
DA:78,1
DA:79,1
DA:84,37
DA:85,5
DA:86,5
DA:87,5
DA:88,0
DA:89,0
DA:91,5
DA:92,5
DA:93,5
DA:94,5
DA:95,5
DA:105,5
DA:106,5
DA:107,5
DA:109,5
DA:110,5
DA:111,5
DA:112,5
DA:113,5
DA:116,0
DA:117,0
DA:118,0
DA:123,37
DA:124,5
DA:125,5
DA:126,0
DA:127,0
DA:129,5
DA:130,5
DA:131,5
DA:132,5
DA:133,5
DA:135,5
DA:136,5
DA:137,5
DA:139,5
DA:140,5
DA:141,5
DA:152,5
DA:153,5
DA:156,0
DA:157,0
DA:158,0
DA:163,37
DA:164,6
DA:165,6
DA:167,6
DA:168,6
DA:172,37
DA:173,37
DA:174,0
DA:175,0
DA:177,0
DA:180,37
DA:188,37
DA:197,0
DA:198,0
DA:204,1
DA:205,1
DA:213,20
DA:216,0
DA:217,0
DA:218,0
DA:219,0
DA:229,6
DA:230,0
DA:252,0
DA:253,0
DA:254,0
DA:260,0
DA:261,0
DA:262,0
DA:291,1
LF:109
LH:81
BRDA:50,0,0,5
BRDA:50,0,1,0
BRDA:52,1,0,5
BRDA:52,1,1,0
BRDA:52,2,0,5
BRDA:52,2,1,5
BRDA:85,3,0,5
BRDA:85,3,1,0
BRDA:87,4,0,0
BRDA:87,4,1,5
BRDA:111,5,0,5
BRDA:111,5,1,0
BRDA:117,6,0,0
BRDA:117,6,1,0
BRDA:117,7,0,0
BRDA:117,7,1,0
BRDA:125,8,0,0
BRDA:125,8,1,5
BRDA:157,9,0,0
BRDA:157,9,1,0
BRDA:157,10,0,0
BRDA:157,10,1,0
BRDA:174,11,0,0
BRDA:174,11,1,0
BRDA:191,12,0,26
BRDA:191,12,1,11
BRDA:208,13,0,11
BRDA:208,13,1,15
BRDA:227,14,0,6
BRDA:227,14,1,20
BRDA:235,15,0,6
BRDA:235,15,1,0
BRDA:238,16,0,6
BRDA:238,16,1,0
BRDA:244,17,0,6
BRDA:244,17,1,0
BRF:36
BRH:17
end_of_record
TN:
SF:calendar/calendarUtils.js
FN:1,extractTokens
FN:11,convertDateTime
FNF:2
FNH:2
FNDA:1,extractTokens
FNDA:14,convertDateTime
DA:2,1
DA:3,1
DA:12,14
DA:13,13
DA:14,13
LF:5
LH:5
BRDA:12,0,0,1
BRDA:12,0,1,13
BRF:2
BRH:2
end_of_record
TN:
SF:maps/BuildingDirectionsMapScreen.js
FN:9,(anonymous_0)
FN:19,(anonymous_1)
FN:25,(anonymous_2)
FN:31,(anonymous_3)
FN:37,(anonymous_4)
FN:43,(anonymous_5)
FN:50,(anonymous_6)
FN:57,(anonymous_7)
FN:67,(anonymous_8)
FN:80,(anonymous_9)
FN:94,(anonymous_10)
FN:99,(anonymous_11)
FN:115,(anonymous_12)
FN:150,(anonymous_13)
FN:155,(anonymous_14)
FN:156,(anonymous_15)
FN:157,(anonymous_16)
FN:181,(anonymous_17)
FN:186,(anonymous_18)
FN:187,(anonymous_19)
FN:188,(anonymous_20)
FN:211,(anonymous_21)
FN:223,(anonymous_22)
FNF:23
FNH:16
FNDA:8,(anonymous_0)
FNDA:1,(anonymous_1)
FNDA:35,(anonymous_2)
FNDA:1,(anonymous_3)
FNDA:35,(anonymous_4)
FNDA:0,(anonymous_5)
FNDA:0,(anonymous_6)
FNDA:0,(anonymous_7)
FNDA:1,(anonymous_8)
FNDA:1,(anonymous_9)
FNDA:1,(anonymous_10)
FNDA:1,(anonymous_11)
FNDA:0,(anonymous_12)
FNDA:0,(anonymous_13)
FNDA:2,(anonymous_14)
FNDA:1,(anonymous_15)
FNDA:1,(anonymous_16)
FNDA:0,(anonymous_17)
FNDA:2,(anonymous_18)
FNDA:1,(anonymous_19)
FNDA:1,(anonymous_20)
FNDA:280,(anonymous_21)
FNDA:0,(anonymous_22)
DA:9,1
DA:10,8
DA:11,8
DA:12,8
DA:13,8
DA:14,8
DA:15,8
DA:16,8
DA:17,8
DA:19,8
DA:20,1
DA:21,1
DA:22,0
DA:23,0
DA:25,1
DA:26,35
DA:28,1
DA:31,8
DA:32,1
DA:33,1
DA:34,0
DA:35,0
DA:37,1
DA:38,35
DA:40,1
DA:43,8
DA:44,0
DA:51,0
DA:52,0
DA:58,0
DA:59,0
DA:67,8
DA:68,1
DA:80,8
DA:81,1
DA:82,1
DA:83,1
DA:84,9
DA:85,9
DA:86,9
DA:88,9
DA:90,1
DA:94,8
DA:95,1
DA:96,1
DA:97,1
DA:99,1
DA:100,1
DA:103,1
DA:104,1
DA:105,1
DA:106,1
DA:109,0
DA:117,0
DA:125,0
DA:126,0
DA:127,0
DA:135,0
DA:139,8
DA:150,0
DA:155,2
DA:157,1
DA:158,1
DA:159,1
DA:160,1
DA:181,0
DA:186,2
DA:188,1
DA:189,1
DA:190,1
DA:191,1
DA:212,280
DA:213,280
DA:214,275
DA:216,280
DA:223,0
LF:76
LH:58
BRDA:21,0,0,0
BRDA:21,0,1,1
BRDA:33,1,0,0
BRDA:33,1,1,1
BRDA:86,2,0,9
BRDA:86,2,1,2
BRDA:88,3,0,1
BRDA:88,3,1,8
BRDA:103,4,0,1
BRDA:103,4,1,0
BRDA:152,5,0,8
BRDA:152,5,1,1
BRDA:183,6,0,8
BRDA:183,6,1,1
BRDA:213,7,0,5
BRDA:213,7,1,275
BRDA:214,8,0,1
BRDA:214,8,1,274
BRDA:227,9,0,8
BRDA:227,9,1,0
BRDA:235,10,0,8
BRDA:235,10,1,5
BRDA:235,10,2,1
BRF:23
BRH:19
end_of_record
TN:
SF:maps/BuildingPopup.js
FN:7,(anonymous_0)
FNF:1
FNH:1
FNDA:20,(anonymous_0)
DA:7,3
DA:8,20
DA:10,5
LF:3
LH:3
BRDA:8,0,0,15
BRDA:8,0,1,5
BRF:2
BRH:2
end_of_record
TN:
SF:maps/MapDirections.js
FN:6,(anonymous_0)
FNF:1
FNH:1
FNDA:3,(anonymous_0)
DA:6,3
DA:8,3
DA:9,1
DA:12,2
LF:4
LH:4
BRDA:8,0,0,1
BRDA:8,0,1,2
BRDA:8,1,0,3
BRDA:8,1,1,3
BRF:4
BRH:4
end_of_record
TN:
SF:maps/MapScreen.js
FN:19,(anonymous_0)
FN:56,(anonymous_1)
FN:58,(anonymous_2)
FN:68,(anonymous_3)
FN:74,moveToLocation
FN:86,(anonymous_5)
FN:106,(anonymous_6)
FN:112,(anonymous_7)
FN:118,(anonymous_8)
FN:143,(anonymous_9)
FN:168,(anonymous_10)
FN:188,(anonymous_11)
FN:196,(anonymous_12)
FN:201,(anonymous_13)
FN:202,(anonymous_14)
FN:209,(anonymous_15)
FN:210,(anonymous_16)
FN:217,(anonymous_17)
FN:218,(anonymous_18)
FN:229,(anonymous_19)
FN:238,(anonymous_20)
FN:239,(anonymous_21)
FN:280,(anonymous_22)
FN:289,(anonymous_23)
FN:397,(anonymous_24)
FN:404,(anonymous_25)
FNF:26
FNH:18
FNDA:20,(anonymous_0)
FNDA:4,(anonymous_1)
FNDA:0,(anonymous_2)
FNDA:4,(anonymous_3)
FNDA:0,moveToLocation
FNDA:1,(anonymous_5)
FNDA:0,(anonymous_6)
FNDA:0,(anonymous_7)
FNDA:1,(anonymous_8)
FNDA:1,(anonymous_9)
FNDA:1,(anonymous_10)
FNDA:0,(anonymous_11)
FNDA:0,(anonymous_12)
FNDA:4,(anonymous_13)
FNDA:4,(anonymous_14)
FNDA:4,(anonymous_15)
FNDA:4,(anonymous_16)
FNDA:4,(anonymous_17)
FNDA:4,(anonymous_18)
FNDA:5,(anonymous_19)
FNDA:4,(anonymous_20)
FNDA:4,(anonymous_21)
FNDA:0,(anonymous_22)
FNDA:0,(anonymous_23)
FNDA:700,(anonymous_24)
FNDA:1,(anonymous_25)
DA:19,2
DA:20,20
DA:21,20
DA:22,20
DA:23,20
DA:24,20
DA:25,20
DA:26,20
DA:27,20
DA:28,20
DA:29,20
DA:30,20
DA:31,20
DA:32,20
DA:33,20
DA:34,20
DA:35,20
DA:36,20
DA:39,20
DA:54,20
DA:56,20
DA:58,4
DA:59,0
DA:60,0
DA:61,0
DA:64,4
DA:65,0
DA:66,0
DA:68,4
DA:69,4
DA:75,0
DA:86,20
DA:87,1
DA:88,1
DA:89,1
DA:90,0
DA:91,0
DA:92,0
DA:94,0
DA:95,0
DA:96,0
DA:98,1
DA:99,1
DA:103,1
DA:106,20
DA:107,0
DA:109,20
DA:110,20
DA:112,20
DA:113,0
DA:114,0
DA:118,20
DA:119,1
DA:121,0
DA:129,1
DA:130,1
DA:131,1
DA:132,1
DA:133,1
DA:134,1
DA:135,1
DA:136,1
DA:137,1
DA:138,1
DA:139,1
DA:143,20
DA:144,1
DA:146,0
DA:154,1
DA:155,1
DA:156,1
DA:157,1
DA:158,1
DA:159,1
DA:160,1
DA:161,1
DA:162,1
DA:163,1
DA:164,1
DA:168,20
DA:169,1
DA:170,0
DA:177,1
DA:179,1
DA:180,1
DA:181,1
DA:182,1
DA:183,1
DA:184,1
DA:185,1
DA:188,20
DA:189,0
DA:190,0
DA:191,0
DA:192,0
DA:193,0
DA:196,20
DA:197,0
DA:198,0
DA:201,20
DA:202,4
DA:203,4
DA:204,4
DA:205,4
DA:209,20
DA:210,4
DA:211,4
DA:212,4
DA:213,4
DA:217,20
DA:218,4
DA:219,4
DA:220,4
DA:221,4
DA:222,4
DA:223,4
DA:226,4
DA:229,20
DA:230,5
DA:238,20
DA:239,4
DA:240,4
DA:241,4
DA:247,4
DA:253,4
DA:254,4
DA:255,4
DA:264,4
DA:267,20
DA:281,0
DA:282,0
DA:283,0
DA:287,0
DA:289,0
DA:398,700
DA:404,1
LF:136
LH:106
BRDA:60,0,0,0
BRDA:60,0,1,0
BRDA:64,1,0,0
BRDA:64,1,1,4
BRDA:64,2,0,4
BRDA:64,2,1,0
BRDA:69,3,0,0
BRDA:69,3,1,4
BRDA:87,4,0,1
BRDA:87,4,1,0
BRDA:90,5,0,0
BRDA:90,5,1,0
BRDA:109,6,0,18
BRDA:109,6,1,2
BRDA:110,7,0,18
BRDA:110,7,1,2
BRDA:119,8,0,0
BRDA:119,8,1,1
BRDA:144,9,0,0
BRDA:144,9,1,1
BRDA:169,10,0,0
BRDA:169,10,1,1
BRDA:189,11,0,0
BRDA:189,11,1,0
BRDA:220,12,0,4
BRDA:220,12,1,0
BRDA:240,13,0,4
BRDA:240,13,1,0
BRDA:254,14,0,4
BRDA:254,14,1,0
BRDA:280,15,0,0
BRDA:301,16,0,20
BRDA:301,16,1,4
BRDA:301,16,2,0
BRDA:301,16,3,0
BRDA:314,17,0,4
BRDA:314,17,1,16
BRDA:318,18,0,4
BRDA:318,18,1,16
BRDA:321,19,0,1
BRDA:321,19,1,19
BRDA:325,20,0,1
BRDA:325,20,1,19
BRDA:328,21,0,15
BRDA:328,21,1,5
BRDA:332,22,0,15
BRDA:332,22,1,5
BRDA:334,23,0,20
BRDA:334,23,1,5
BRDA:346,24,0,6
BRDA:346,24,1,14
BRDA:347,25,0,6
BRDA:347,25,1,14
BRDA:352,26,0,17
BRDA:352,26,1,3
BRDA:352,27,0,5
BRDA:352,27,1,12
BRDA:353,28,0,17
BRDA:353,28,1,3
BRDA:353,29,0,5
BRDA:353,29,1,12
BRDA:361,30,0,20
BRDA:361,30,1,6
BRDA:377,31,0,20
BRDA:377,31,1,0
BRDA:377,31,2,0
BRDA:377,31,3,0
BRDA:383,32,0,20
BRDA:383,32,1,4
BRDA:408,33,0,20
BRDA:408,33,1,0
BRDA:418,34,0,20
BRDA:418,34,1,4
BRDA:418,34,2,0
BRDA:418,34,3,0
BRDA:435,35,0,20
BRDA:435,35,1,0
BRDA:435,35,2,0
BRF:78
BRH:51
end_of_record
TN:
SF:maps/ShuttleBusMarker.js
FN:7,(anonymous_0)
FN:12,(anonymous_1)
FN:16,(anonymous_2)
FN:25,(anonymous_3)
FN:33,(anonymous_4)
FN:40,(anonymous_5)
FN:48,(anonymous_6)
FN:49,(anonymous_7)
FNF:8
FNH:3
FNDA:17,(anonymous_0)
FNDA:4,(anonymous_1)
FNDA:0,(anonymous_2)
FNDA:0,(anonymous_3)
FNDA:0,(anonymous_4)
FNDA:0,(anonymous_5)
FNDA:34,(anonymous_6)
FNDA:0,(anonymous_7)
DA:7,2
DA:8,17
DA:9,17
DA:12,17
DA:13,4
DA:16,17
DA:17,0
DA:18,0
DA:21,0
DA:25,17
DA:26,0
DA:27,0
DA:29,0
DA:30,0
DA:31,0
DA:33,0
DA:34,0
DA:35,0
DA:36,0
DA:40,17
DA:41,0
DA:42,0
DA:43,0
DA:46,17
DA:49,34
LF:25
LH:10
BRDA:17,0,0,0
BRDA:17,0,1,0
BRDA:26,1,0,0
BRDA:26,1,1,0
BRF:4
BRH:0
end_of_record
TN:
SF:maps/buildingCoordinates.js
FNF:0
FNH:0
DA:1,3
LF:1
LH:1
BRF:0
BRH:0
end_of_record
TN:
SF:maps/locationUtils.js
FN:3,(anonymous_0)
FNF:1
FNH:1
FNDA:10,(anonymous_0)
DA:3,4
DA:4,10
DA:5,10
DA:6,1
DA:7,1
DA:10,9
DA:11,9
LF:7
LH:7
BRDA:5,0,0,1
BRDA:5,0,1,9
BRF:2
BRH:2
end_of_record
TN:
SF:maps/shuttleBusInfo.js
FNF:0
FNH:0
DA:1,2
LF:1
LH:1
BRF:0
BRH:0
end_of_record
TN:
SF:maps/transitOptions.js
FN:9,(anonymous_0)
FN:37,(anonymous_1)
FN:42,(anonymous_2)
FN:49,(anonymous_3)
FN:50,(anonymous_4)
FN:144,(anonymous_5)
FN:158,(anonymous_6)
FN:165,(anonymous_7)
FN:172,(anonymous_8)
FNF:9
FNH:7
FNDA:10,(anonymous_0)
FNDA:0,(anonymous_1)
FNDA:0,(anonymous_2)
FNDA:4,(anonymous_3)
FNDA:4,(anonymous_4)
FNDA:3,(anonymous_5)
FNDA:1,(anonymous_6)
FNDA:1,(anonymous_7)
FNDA:1,(anonymous_8)
DA:9,1
DA:11,10
DA:12,10
DA:13,10
DA:14,10
DA:15,10
DA:17,10
DA:33,10
DA:34,10
DA:35,10
DA:37,10
DA:38,0
DA:39,0
DA:42,10
DA:43,0
DA:44,0
DA:45,0
DA:46,0
DA:49,10
DA:50,4
DA:51,4
DA:52,4
DA:53,4
DA:57,10
DA:144,3
DA:158,1
DA:165,1
DA:172,1
DA:189,1
LF:29
LH:23
BRDA:34,0,0,10
BRDA:34,0,1,0
BRDA:35,1,0,10
BRDA:35,1,1,0
BRDA:46,2,0,0
BRDA:46,2,1,0
BRDA:66,3,0,10
BRDA:66,3,1,0
BRDA:68,4,0,0
BRDA:68,4,1,10
BRDA:100,5,0,10
BRDA:100,5,1,6
BRDA:103,6,0,6
BRDA:103,6,1,4
BRDA:116,7,0,6
BRDA:116,7,1,1
BRDA:128,8,0,6
BRDA:128,8,1,1
BRDA:154,9,0,10
BRDA:154,9,1,6
BRDA:159,10,0,6
BRDA:159,10,1,4
BRDA:166,11,0,6
BRDA:166,11,1,1
BRDA:173,12,0,6
BRDA:173,12,1,1
BRDA:179,13,0,10
BRDA:179,13,1,0
BRDA:179,13,2,0
BRF:29
BRH:21
end_of_record
TN:
SF:maps/styles/mapScreenStyles.js
FNF:0
FNH:0
DA:3,3
LF:1
LH:1
BRF:0
BRH:0
end_of_record
TN:
SF:maps/styles/popupStyles.js
FNF:0
FNH:0
DA:5,3
LF:1
LH:1
BRF:0
BRH:0
end_of_record
TN:
SF:shuttle_bus/bottom_sheet.js
FN:9,(anonymous_0)
FN:14,(anonymous_1)
FN:31,(anonymous_2)
FN:33,(anonymous_3)
FN:43,(anonymous_4)
FN:44,(anonymous_5)
FN:68,(anonymous_6)
FN:72,(anonymous_7)
FNF:8
FNH:2
FNDA:17,(anonymous_0)
FNDA:4,(anonymous_1)
FNDA:0,(anonymous_2)
FNDA:0,(anonymous_3)
FNDA:0,(anonymous_4)
FNDA:0,(anonymous_5)
FNDA:0,(anonymous_6)
FNDA:0,(anonymous_7)
DA:9,2
DA:10,17
DA:11,17
DA:12,17
DA:14,17
DA:15,4
DA:16,4
DA:17,4
DA:18,4
DA:20,0
DA:21,0
DA:23,0
DA:24,0
DA:26,0
DA:27,0
DA:31,17
DA:32,0
DA:33,0
DA:34,0
DA:35,0
DA:36,0
DA:37,0
DA:39,0
DA:43,17
DA:44,0
DA:45,0
DA:46,0
DA:47,0
DA:48,0
DA:50,0
DA:51,0
DA:55,17
DA:68,0
DA:72,0
LF:34
LH:12
BRDA:15,0,0,4
BRDA:15,0,1,0
BRDA:20,1,0,0
BRDA:20,1,1,0
BRDA:20,2,0,0
BRDA:20,2,1,0
BRDA:23,3,0,0
BRDA:23,3,1,0
BRDA:23,4,0,0
BRDA:23,4,1,0
BRDA:26,5,0,0
BRDA:26,5,1,0
BRDA:26,6,0,0
BRDA:26,6,1,0
BRDA:34,7,0,0
BRDA:34,7,1,0
BRDA:45,8,0,0
BRDA:45,8,1,0
BRDA:64,9,0,17
BRDA:64,9,1,0
BRDA:68,10,0,0
BRDA:68,10,1,0
BRDA:69,11,0,0
BRDA:69,11,1,0
BRDA:70,12,0,0
BRDA:70,12,1,0
BRDA:72,13,0,0
BRDA:72,13,1,0
BRDA:73,14,0,0
BRDA:73,14,1,0
BRDA:74,15,0,0
BRDA:74,15,1,0
BRDA:78,16,0,0
BRDA:78,16,1,0
BRDA:79,17,0,0
BRDA:79,17,1,0
BRDA:80,18,0,0
BRDA:80,18,1,0
BRDA:80,18,2,0
BRF:39
BRH:2
end_of_record
TN:
SF:shuttle_bus/next_shuttle_arrival.js
FN:6,(anonymous_0)
FN:13,(anonymous_1)
FN:15,(anonymous_2)
FN:19,(anonymous_3)
FN:22,(anonymous_4)
FN:35,(anonymous_5)
FN:40,(anonymous_6)
FN:96,(anonymous_7)
FNF:8
FNH:7
FNDA:12,(anonymous_0)
FNDA:8,(anonymous_1)
FNDA:6,(anonymous_2)
FNDA:8,(anonymous_3)
FNDA:6,(anonymous_4)
FNDA:6,(anonymous_5)
FNDA:18,(anonymous_6)
FNDA:0,(anonymous_7)
DA:6,3
DA:7,12
DA:8,12
DA:9,12
DA:11,12
DA:13,12
DA:14,8
DA:15,8
DA:16,6
DA:17,6
DA:19,8
DA:22,12
DA:24,6
DA:25,6
DA:26,0
DA:27,6
DA:28,6
DA:30,0
DA:31,0
DA:35,12
DA:36,6
DA:37,6
DA:40,6
DA:41,18
DA:42,18
DA:43,18
DA:44,18
DA:45,0
DA:46,0
DA:48,18
DA:51,6
DA:53,6
DA:54,6
DA:55,12
DA:56,12
DA:57,6
DA:58,6
DA:59,6
DA:61,6
DA:62,6
DA:64,6
DA:65,6
DA:66,6
DA:67,0
DA:69,6
DA:72,0
DA:74,6
DA:79,12
DA:96,0
LF:49
LH:41
BRDA:25,0,0,0
BRDA:25,0,1,6
BRDA:25,1,0,6
BRDA:25,1,1,6
BRDA:27,2,0,6
BRDA:27,2,1,0
BRDA:43,3,0,18
BRDA:43,3,1,0
BRDA:43,4,0,18
BRDA:43,4,1,18
BRDA:45,5,0,0
BRDA:45,5,1,0
BRDA:45,6,0,0
BRDA:45,6,1,0
BRDA:56,7,0,6
BRDA:56,7,1,6
BRDA:65,8,0,6
BRDA:65,8,1,0
BRDA:66,9,0,0
BRDA:66,9,1,6
BRDA:72,10,0,0
BRDA:72,10,1,0
BRDA:72,11,0,0
BRDA:72,11,1,0
BRDA:82,12,0,12
BRDA:82,12,1,10
BRDA:102,13,0,12
BRDA:102,13,1,2
BRDA:109,14,0,12
BRDA:109,14,1,2
BRDA:109,14,2,0
BRF:31
BRH:17
end_of_record
TN:
SF:shuttle_bus/shuttle_directions.js
FN:8,(anonymous_0)
FN:12,(anonymous_1)
FN:23,(anonymous_2)
FN:38,(anonymous_3)
FN:39,(anonymous_4)
FN:48,(anonymous_5)
FN:70,(anonymous_6)
FNF:7
FNH:0
FNDA:0,(anonymous_0)
FNDA:0,(anonymous_1)
FNDA:0,(anonymous_2)
FNDA:0,(anonymous_3)
FNDA:0,(anonymous_4)
FNDA:0,(anonymous_5)
FNDA:0,(anonymous_6)
DA:8,2
DA:9,0
DA:10,0
DA:12,0
DA:13,0
DA:14,0
DA:16,0
DA:18,0
DA:19,0
DA:20,0
DA:22,0
DA:23,0
DA:31,0
DA:34,0
DA:38,0
DA:39,0
DA:40,0
DA:41,0
DA:42,0
DA:45,0
DA:48,0
DA:49,0
DA:50,0
DA:54,0
DA:71,0
LF:25
LH:1
BRDA:22,0,0,0
BRDA:22,0,1,0
BRDA:41,1,0,0
BRDA:41,1,1,0
BRDA:49,2,0,0
BRDA:49,2,1,0
BRDA:49,3,0,0
BRDA:49,3,1,0
BRDA:56,4,0,0
BRDA:56,4,1,0
BRDA:56,4,2,0
BRDA:69,5,0,0
BRDA:69,5,1,0
BRDA:73,6,0,0
BRDA:73,6,1,0
BRF:15
BRH:0
end_of_record
TN:
SF:shuttle_bus/styles/bottom_sheet_styles.js
FNF:0
FNH:0
DA:3,2
LF:1
LH:1
BRF:0
BRH:0
end_of_record
TN:
SF:shuttle_bus/styles/shuttle_directions_styles.js
FNF:0
FNH:0
DA:3,2
LF:1
LH:1
BRF:0
BRH:0
end_of_record
