TN:
SF:assets\arrow.png
FNF:0
FNH:0
DA:1,1
LF:1
LH:1
BRF:0
BRH:0
end_of_record
TN:
SF:calendar\calendar.js
FN:25,Calendar
FN:33,(anonymous_1)
FN:34,(anonymous_2)
FN:40,(anonymous_3)
FN:75,(anonymous_4)
FN:76,(anonymous_5)
FN:86,(anonymous_6)
FN:114,(anonymous_7)
FN:134,(anonymous_8)
FN:174,(anonymous_9)
FN:175,(anonymous_10)
FN:178,(anonymous_11)
FN:183,(anonymous_12)
FN:184,(anonymous_13)
FN:203,(anonymous_14)
FN:210,(anonymous_15)
FN:219,(anonymous_16)
FN:223,(anonymous_17)
FN:236,(anonymous_18)
FN:238,(anonymous_19)
FN:259,(anonymous_20)
FN:262,(anonymous_21)
FN:271,(anonymous_22)
FN:274,(anonymous_23)
FNF:24
FNH:21
FNDA:66,Calendar
FNDA:2,(anonymous_1)
FNDA:2,(anonymous_2)
FNDA:12,(anonymous_3)
FNDA:1,(anonymous_4)
FNDA:1,(anonymous_5)
FNDA:10,(anonymous_6)
FNDA:3,(anonymous_7)
FNDA:8,(anonymous_8)
FNDA:13,(anonymous_9)
FNDA:13,(anonymous_10)
FNDA:13,(anonymous_11)
FNDA:63,(anonymous_12)
FNDA:0,(anonymous_13)
FNDA:0,(anonymous_14)
FNDA:1,(anonymous_15)
FNDA:38,(anonymous_16)
FNDA:0,(anonymous_17)
FNDA:10,(anonymous_18)
FNDA:2,(anonymous_19)
FNDA:1,(anonymous_20)
FNDA:1,(anonymous_21)
FNDA:1,(anonymous_22)
FNDA:1,(anonymous_23)
DA:12,5
DA:13,5
DA:15,5
DA:17,5
DA:26,66
DA:27,64
DA:28,64
DA:29,64
DA:30,64
DA:31,64
DA:32,64
DA:33,64
DA:34,2
DA:38,64
DA:40,64
DA:41,12
DA:43,12
DA:51,12
DA:52,11
DA:53,11
DA:54,11
DA:55,10
DA:56,10
DA:57,10
DA:63,10
DA:64,10
DA:65,10
DA:66,10
DA:68,10
DA:71,1
DA:75,64
DA:76,1
DA:77,1
DA:78,1
DA:79,1
DA:80,1
DA:81,1
DA:86,64
DA:87,10
DA:88,10
DA:89,10
DA:90,1
DA:91,1
DA:93,9
DA:94,9
DA:95,9
DA:96,9
DA:97,9
DA:107,9
DA:108,8
DA:109,8
DA:111,8
DA:114,8
DA:115,3
DA:116,3
DA:117,0
DA:120,8
DA:122,8
DA:123,8
DA:124,8
DA:127,1
DA:128,1
DA:129,0
DA:134,64
DA:135,8
DA:136,8
DA:137,0
DA:138,0
DA:140,8
DA:141,8
DA:142,8
DA:143,8
DA:144,8
DA:146,8
DA:147,8
DA:148,8
DA:150,8
DA:151,8
DA:152,8
DA:164,8
DA:165,7
DA:167,1
DA:168,1
DA:169,0
DA:174,64
DA:175,13
DA:176,13
DA:178,13
DA:179,13
DA:183,64
DA:184,63
DA:185,0
DA:186,0
DA:188,0
DA:191,63
DA:194,64
DA:204,0
DA:205,0
DA:211,1
DA:212,1
DA:220,38
DA:224,0
DA:225,0
DA:226,0
DA:227,0
DA:237,10
DA:238,2
DA:260,1
DA:261,1
DA:262,1
DA:263,1
DA:272,1
DA:273,1
DA:274,1
DA:275,1
DA:303,5
LF:116
LH:102
BRDA:51,0,0,11
BRDA:51,0,1,1
BRDA:54,1,0,10
BRDA:54,1,1,1
BRDA:54,2,0,11
BRDA:54,2,1,10
BRDA:87,3,0,10
BRDA:87,3,1,1
BRDA:89,4,0,1
BRDA:89,4,1,9
BRDA:115,5,0,0
BRDA:115,5,1,3
BRDA:116,6,0,3
BRDA:116,6,1,0
BRDA:122,7,0,8
BRDA:122,7,1,0
BRDA:128,8,0,0
BRDA:128,8,1,1
BRDA:128,9,0,1
BRDA:128,9,1,0
BRDA:136,10,0,0
BRDA:136,10,1,8
BRDA:168,11,0,0
BRDA:168,11,1,1
BRDA:168,12,0,1
BRDA:168,12,1,0
BRDA:185,13,0,0
BRDA:185,13,1,0
BRDA:197,14,0,46
BRDA:197,14,1,18
BRDA:215,15,0,18
BRDA:215,15,1,28
BRDA:235,16,0,10
BRDA:235,16,1,36
BRDA:243,17,0,10
BRDA:243,17,1,0
BRDA:246,18,0,10
BRDA:246,18,1,0
BRDA:251,19,0,10
BRDA:251,19,1,2
BRF:40
BRH:28
end_of_record
TN:
SF:calendar\calendarUtils.js
FN:1,extractTokens
FN:11,convertDateTime
FNF:2
FNH:2
FNDA:1,extractTokens
FNDA:22,convertDateTime
DA:2,1
DA:3,1
DA:12,22
DA:13,21
DA:14,21
LF:5
LH:5
BRDA:12,0,0,1
BRDA:12,0,1,21
BRF:2
BRH:2
end_of_record
TN:
SF:calendar\mapData.js
FNF:0
FNH:0
DA:1,5
LF:1
LH:1
BRF:0
BRH:0
end_of_record
TN:
SF:maps\BuildingPopup.js
FN:7,(anonymous_0)
FN:30,(anonymous_1)
FNF:2
FNH:1
FNDA:27,(anonymous_0)
FNDA:0,(anonymous_1)
DA:7,3
DA:8,27
DA:10,5
DA:18,5
LF:4
LH:4
BRDA:8,0,0,22
BRDA:8,0,1,5
BRDA:28,1,0,5
BRDA:28,1,1,3
BRF:4
BRH:4
end_of_record
TN:
SF:maps\MapDirections.js
FN:6,(anonymous_0)
FNF:1
FNH:1
FNDA:3,(anonymous_0)
DA:6,4
DA:8,3
DA:9,1
DA:12,2
LF:4
LH:4
BRDA:8,0,0,1
BRDA:8,0,1,2
BRDA:8,1,0,3
BRDA:8,1,1,3
BRF:4
BRH:4
end_of_record
TN:
SF:maps\MapScreen.js
FN:20,(anonymous_0)
FN:51,(anonymous_1)
FN:76,(anonymous_2)
FN:82,(anonymous_3)
FN:88,(anonymous_4)
FN:94,(anonymous_5)
FN:100,(anonymous_6)
FN:107,(anonymous_7)
FN:114,(anonymous_8)
FN:124,(anonymous_9)
FN:137,(anonymous_10)
FN:142,(anonymous_11)
FN:169,(anonymous_12)
FN:171,(anonymous_13)
FN:181,(anonymous_14)
FN:186,moveToLocation
FN:198,(anonymous_16)
FN:221,(anonymous_17)
FN:227,(anonymous_18)
FN:233,(anonymous_19)
FN:238,(anonymous_20)
FN:266,(anonymous_21)
FN:294,(anonymous_22)
FN:329,(anonymous_23)
FN:345,(anonymous_24)
FN:382,(anonymous_25)
FN:383,(anonymous_26)
FN:392,(anonymous_27)
FN:401,(anonymous_28)
FN:405,(anonymous_29)
FN:414,(anonymous_30)
FN:415,(anonymous_31)
FN:443,(anonymous_32)
FN:451,(anonymous_33)
FN:456,(anonymous_34)
FN:467,(anonymous_35)
FN:473,(anonymous_36)
FN:509,(anonymous_37)
FN:516,(anonymous_38)
FN:546,(anonymous_39)
FN:552,(anonymous_40)
FN:553,(anonymous_41)
FN:557,(anonymous_42)
FN:587,(anonymous_43)
FN:593,(anonymous_44)
FN:594,(anonymous_45)
FN:598,(anonymous_46)
FN:735,(anonymous_47)
FN:747,(anonymous_48)
FN:757,(anonymous_49)
FN:768,(anonymous_50)
FNF:51
FNH:36
FNDA:38,(anonymous_0)
FNDA:1,(anonymous_1)
FNDA:1,(anonymous_2)
FNDA:36,(anonymous_3)
FNDA:1,(anonymous_4)
FNDA:36,(anonymous_5)
FNDA:0,(anonymous_6)
FNDA:0,(anonymous_7)
FNDA:0,(anonymous_8)
FNDA:1,(anonymous_9)
FNDA:1,(anonymous_10)
FNDA:1,(anonymous_11)
FNDA:9,(anonymous_12)
FNDA:0,(anonymous_13)
FNDA:9,(anonymous_14)
FNDA:1,moveToLocation
FNDA:1,(anonymous_16)
FNDA:0,(anonymous_17)
FNDA:0,(anonymous_18)
FNDA:0,(anonymous_19)
FNDA:1,(anonymous_20)
FNDA:1,(anonymous_21)
FNDA:1,(anonymous_22)
FNDA:0,(anonymous_23)
FNDA:2,(anonymous_24)
FNDA:6,(anonymous_25)
FNDA:6,(anonymous_26)
FNDA:6,(anonymous_27)
FNDA:6,(anonymous_28)
FNDA:7,(anonymous_29)
FNDA:6,(anonymous_30)
FNDA:6,(anonymous_31)
FNDA:6,(anonymous_32)
FNDA:6,(anonymous_33)
FNDA:0,(anonymous_34)
FNDA:6,(anonymous_35)
FNDA:0,(anonymous_36)
FNDA:0,(anonymous_37)
FNDA:0,(anonymous_38)
FNDA:0,(anonymous_39)
FNDA:2,(anonymous_40)
FNDA:1,(anonymous_41)
FNDA:1,(anonymous_42)
FNDA:0,(anonymous_43)
FNDA:2,(anonymous_44)
FNDA:1,(anonymous_45)
FNDA:1,(anonymous_46)
FNDA:1368,(anonymous_47)
FNDA:1,(anonymous_48)
FNDA:324,(anonymous_49)
FNDA:0,(anonymous_50)
DA:20,3
DA:21,38
DA:22,38
DA:23,38
DA:24,38
DA:25,38
DA:26,38
DA:27,38
DA:28,38
DA:29,38
DA:30,38
DA:31,38
DA:32,38
DA:33,38
DA:34,38
DA:35,38
DA:36,38
DA:37,38
DA:38,38
DA:39,38
DA:40,38
DA:41,38
DA:42,38
DA:43,38
DA:44,38
DA:45,38
DA:46,38
DA:47,38
DA:48,38
DA:49,38
DA:51,38
DA:52,1
DA:53,1
DA:54,1
DA:55,1
DA:56,1
DA:59,38
DA:74,38
DA:76,38
DA:77,1
DA:78,1
DA:79,0
DA:80,0
DA:82,1
DA:83,36
DA:85,1
DA:88,38
DA:89,1
DA:90,1
DA:91,0
DA:92,0
DA:94,1
DA:95,36
DA:97,1
DA:100,38
DA:101,0
DA:108,0
DA:109,0
DA:115,0
DA:116,0
DA:124,38
DA:125,1
DA:126,1
DA:127,1
DA:128,9
DA:129,9
DA:130,9
DA:132,9
DA:134,1
DA:137,38
DA:138,1
DA:139,1
DA:140,1
DA:141,1
DA:142,1
DA:143,1
DA:145,1
DA:146,1
DA:147,1
DA:148,1
DA:149,1
DA:151,0
DA:158,0
DA:159,0
DA:160,0
DA:161,0
DA:163,1
DA:165,0
DA:166,0
DA:169,38
DA:171,9
DA:172,0
DA:173,0
DA:174,0
DA:177,9
DA:178,0
DA:179,0
DA:181,9
DA:182,9
DA:187,1
DA:198,38
DA:199,1
DA:200,0
DA:201,0
DA:202,0
DA:203,0
DA:204,0
DA:205,0
DA:207,0
DA:208,0
DA:209,0
DA:212,1
DA:213,1
DA:217,1
DA:221,38
DA:222,0
DA:224,38
DA:225,38
DA:227,38
DA:228,0
DA:229,0
DA:233,38
DA:234,0
DA:235,0
DA:238,38
DA:239,1
DA:241,0
DA:249,1
DA:250,1
DA:251,1
DA:252,1
DA:253,1
DA:254,1
DA:255,1
DA:256,1
DA:257,1
DA:258,1
DA:259,1
DA:260,1
DA:261,1
DA:262,1
DA:266,38
DA:267,1
DA:269,0
DA:277,1
DA:278,1
DA:279,1
DA:280,1
DA:281,1
DA:282,1
DA:283,1
DA:284,1
DA:285,1
DA:286,1
DA:287,1
DA:288,1
DA:289,1
DA:290,1
DA:294,38
DA:295,1
DA:296,0
DA:307,1
DA:308,0
DA:315,1
DA:317,1
DA:318,1
DA:319,1
DA:320,1
DA:321,1
DA:322,1
DA:323,1
DA:324,1
DA:325,1
DA:326,1
DA:329,38
DA:330,0
DA:331,0
DA:332,0
DA:333,0
DA:334,0
DA:335,0
DA:337,0
DA:338,0
DA:339,0
DA:340,0
DA:341,0
DA:345,38
DA:346,2
DA:347,2
DA:348,2
DA:349,2
DA:350,2
DA:351,2
DA:352,2
DA:353,2
DA:354,2
DA:355,2
DA:356,4
DA:357,4
DA:358,4
DA:359,2
DA:360,2
DA:363,2
DA:364,2
DA:365,2
DA:375,2
DA:376,0
DA:377,0
DA:378,0
DA:382,38
DA:383,6
DA:384,6
DA:385,6
DA:386,6
DA:387,6
DA:392,38
DA:393,6
DA:394,6
DA:395,6
DA:396,6
DA:397,6
DA:401,38
DA:402,6
DA:405,38
DA:406,7
DA:414,38
DA:415,6
DA:416,6
DA:417,6
DA:423,6
DA:429,6
DA:430,6
DA:431,6
DA:440,6
DA:443,38
DA:444,6
DA:445,0
DA:447,6
DA:451,38
DA:452,6
DA:453,0
DA:455,0
DA:456,0
DA:459,0
DA:460,0
DA:461,0
DA:462,0
DA:467,38
DA:468,6
DA:469,0
DA:472,0
DA:473,0
DA:476,0
DA:477,0
DA:481,0
DA:482,0
DA:484,0
DA:486,0
DA:487,0
DA:490,0
DA:495,38
DA:510,0
DA:511,0
DA:516,0
DA:546,0
DA:552,2
DA:554,1
DA:558,1
DA:559,1
DA:560,1
DA:561,1
DA:587,0
DA:593,2
DA:595,1
DA:599,1
DA:600,1
DA:601,1
DA:602,1
DA:736,1368
DA:737,1368
DA:738,1368
DA:740,1368
DA:747,1
DA:758,324
DA:759,324
DA:760,318
DA:761,324
DA:768,0
LF:288
LH:210
BRDA:47,0,0,38
BRDA:47,0,1,0
BRDA:48,1,0,38
BRDA:48,1,1,0
BRDA:78,2,0,0
BRDA:78,2,1,1
BRDA:90,3,0,0
BRDA:90,3,1,1
BRDA:130,4,0,9
BRDA:130,4,1,2
BRDA:132,5,0,1
BRDA:132,5,1,8
BRDA:145,6,0,1
BRDA:145,6,1,0
BRDA:173,7,0,0
BRDA:173,7,1,0
BRDA:177,8,0,0
BRDA:177,8,1,9
BRDA:177,9,0,9
BRDA:177,9,1,0
BRDA:182,10,0,0
BRDA:182,10,1,9
BRDA:199,11,0,0
BRDA:199,11,1,1
BRDA:200,12,0,0
BRDA:200,12,1,0
BRDA:203,13,0,0
BRDA:203,13,1,0
BRDA:224,14,0,36
BRDA:224,14,1,2
BRDA:225,15,0,36
BRDA:225,15,1,2
BRDA:239,16,0,0
BRDA:239,16,1,1
BRDA:267,17,0,0
BRDA:267,17,1,1
BRDA:295,18,0,0
BRDA:295,18,1,1
BRDA:307,19,0,0
BRDA:307,19,1,1
BRDA:330,20,0,0
BRDA:330,20,1,0
BRDA:337,21,0,0
BRDA:337,21,1,0
BRDA:347,22,0,2
BRDA:347,22,1,0
BRDA:358,23,0,2
BRDA:358,23,1,2
BRDA:364,24,0,2
BRDA:364,24,1,0
BRDA:364,25,0,2
BRDA:364,25,1,2
BRDA:376,26,0,0
BRDA:376,26,1,0
BRDA:394,27,0,6
BRDA:394,27,1,0
BRDA:416,28,0,6
BRDA:416,28,1,0
BRDA:430,29,0,6
BRDA:430,29,1,0
BRDA:444,30,0,0
BRDA:444,30,1,6
BRDA:444,31,0,6
BRDA:444,31,1,6
BRDA:452,32,0,0
BRDA:452,32,1,6
BRDA:459,33,0,0
BRDA:459,33,1,0
BRDA:468,34,0,0
BRDA:468,34,1,6
BRDA:476,35,0,0
BRDA:476,35,1,0
BRDA:484,36,0,0
BRDA:484,36,1,0
BRDA:484,37,0,0
BRDA:484,37,1,0
BRDA:497,38,0,29
BRDA:497,38,1,9
BRDA:509,39,0,0
BRDA:548,40,0,9
BRDA:548,40,1,1
BRDA:555,41,0,1
BRDA:555,41,1,0
BRDA:589,42,0,9
BRDA:589,42,1,1
BRDA:596,43,0,1
BRDA:596,43,1,0
BRDA:640,44,0,29
BRDA:640,44,1,9
BRDA:643,45,0,4
BRDA:643,45,1,25
BRDA:647,46,0,4
BRDA:647,46,1,25
BRDA:651,47,0,1
BRDA:651,47,1,28
BRDA:655,48,0,1
BRDA:655,48,1,28
BRDA:659,49,0,23
BRDA:659,49,1,6
BRDA:663,50,0,23
BRDA:663,50,1,6
BRDA:666,51,0,29
BRDA:666,51,1,6
BRDA:668,52,0,6
BRDA:668,52,1,0
BRDA:672,53,0,6
BRDA:672,53,1,0
BRDA:672,54,0,6
BRDA:672,54,1,0
BRDA:687,55,0,18
BRDA:687,55,1,20
BRDA:688,56,0,18
BRDA:688,56,1,20
BRDA:693,57,0,35
BRDA:693,57,1,3
BRDA:693,58,0,17
BRDA:693,58,1,18
BRDA:694,59,0,35
BRDA:694,59,1,3
BRDA:694,60,0,17
BRDA:694,60,1,18
BRDA:703,61,0,38
BRDA:703,61,1,18
BRDA:716,62,0,38
BRDA:716,62,1,38
BRDA:720,63,0,38
BRDA:720,63,1,38
BRDA:720,63,2,0
BRDA:720,63,3,0
BRDA:720,63,4,0
BRDA:724,64,0,38
BRDA:724,64,1,4
BRDA:724,64,2,1
BRDA:724,64,3,0
BRDA:738,65,0,0
BRDA:738,65,1,1368
BRDA:738,66,0,1368
BRDA:738,66,1,1368
BRDA:738,66,2,0
BRDA:755,67,0,9
BRDA:755,67,1,29
BRDA:759,68,0,6
BRDA:759,68,1,318
BRDA:760,69,0,1
BRDA:760,69,1,317
BRDA:773,70,0,9
BRDA:773,70,1,0
BRDA:783,71,0,29
BRDA:783,71,1,9
BRDA:791,72,0,9
BRDA:791,72,1,29
BRF:151
BRH:97
end_of_record
TN:
SF:maps\RouteInfoContainer.js
FN:5,(anonymous_0)
FNF:1
FNH:1
FNDA:34,(anonymous_0)
DA:6,34
LF:1
LH:1
BRDA:8,0,0,34
BRDA:8,0,1,1
BRDA:8,0,2,1
BRF:3
BRH:3
end_of_record
TN:
SF:maps\ShuttleBusMarker.js
FN:10,(anonymous_0)
FN:16,(anonymous_1)
FN:17,(anonymous_2)
FN:35,(anonymous_3)
FN:39,(anonymous_4)
FN:48,(anonymous_5)
FN:68,(anonymous_6)
FN:71,(anonymous_7)
FN:78,(anonymous_8)
FN:85,(anonymous_9)
FN:98,(anonymous_10)
FN:105,(anonymous_11)
FN:114,(anonymous_12)
FN:117,(anonymous_13)
FN:134,(anonymous_14)
FN:135,(anonymous_15)
FNF:16
FNH:15
FNDA:42,(anonymous_0)
FNDA:11,(anonymous_1)
FNDA:11,(anonymous_2)
FNDA:6,(anonymous_3)
FNDA:1,(anonymous_4)
FNDA:2,(anonymous_5)
FNDA:12,(anonymous_6)
FNDA:0,(anonymous_7)
FNDA:12,(anonymous_8)
FNDA:2,(anonymous_9)
FNDA:1,(anonymous_10)
FNDA:1,(anonymous_11)
FNDA:84,(anonymous_12)
FNDA:2,(anonymous_13)
FNDA:5,(anonymous_14)
FNDA:5,(anonymous_15)
DA:10,4
DA:11,42
DA:12,42
DA:14,42
DA:16,42
DA:17,11
DA:18,11
DA:19,11
DA:25,5
DA:27,5
DA:29,6
DA:32,11
DA:35,42
DA:36,6
DA:39,42
DA:40,1
DA:41,1
DA:44,0
DA:48,42
DA:49,2
DA:50,2
DA:51,2
DA:61,2
DA:63,0
DA:64,0
DA:68,42
DA:70,12
DA:71,1
DA:72,0
DA:73,0
DA:74,0
DA:78,12
DA:79,12
DA:80,1
DA:85,42
DA:86,2
DA:87,0
DA:89,2
DA:90,2
DA:91,2
DA:93,2
DA:94,2
DA:95,2
DA:98,2
DA:99,1
DA:100,1
DA:101,1
DA:105,42
DA:106,1
DA:107,1
DA:108,1
DA:109,1
DA:112,42
DA:115,84
DA:117,2
DA:134,5
DA:136,5
LF:57
LH:50
BRDA:40,0,0,1
BRDA:40,0,1,0
BRDA:70,1,0,1
BRDA:70,1,1,11
BRDA:73,2,0,0
BRDA:73,2,1,0
BRDA:73,3,0,0
BRDA:73,3,1,0
BRDA:73,3,2,0
BRDA:79,4,0,1
BRDA:79,4,1,11
BRDA:86,5,0,0
BRDA:86,5,1,2
BRDA:94,6,0,2
BRDA:94,6,1,0
BRDA:94,7,0,2
BRDA:94,7,1,2
BRDA:94,7,2,2
BRF:18
BRH:10
end_of_record
TN:
SF:maps\buildingCoordinates.js
FNF:0
FNH:0
DA:1,3
LF:1
LH:1
BRF:0
BRH:0
end_of_record
TN:
SF:maps\locationUtils.js
FN:3,(anonymous_0)
FNF:1
FNH:1
FNDA:12,(anonymous_0)
DA:3,6
DA:4,12
DA:5,12
DA:6,1
DA:7,1
DA:10,11
DA:11,11
LF:7
LH:7
BRDA:5,0,0,1
BRDA:5,0,1,11
BRF:2
BRH:2
end_of_record
TN:
SF:maps\shuttleBusInfo.js
FNF:0
FNH:0
DA:1,3
LF:1
LH:1
BRF:0
BRH:0
end_of_record
TN:
SF:maps\transitOptions.js
FN:8,(anonymous_0)
FN:30,(anonymous_1)
FN:84,(anonymous_2)
FN:91,(anonymous_3)
FN:98,(anonymous_4)
FNF:5
FNH:4
FNDA:40,(anonymous_0)
FNDA:0,(anonymous_1)
FNDA:4,(anonymous_2)
FNDA:1,(anonymous_3)
FNDA:1,(anonymous_4)
DA:8,4
DA:9,40
DA:11,40
DA:27,40
DA:28,40
DA:30,40
DA:31,0
DA:34,40
DA:84,4
DA:91,1
DA:98,1
LF:11
LH:10
BRDA:28,0,0,37
BRDA:28,0,1,3
BRDA:36,1,0,40
BRDA:36,1,1,7
BRDA:38,2,0,7
BRDA:38,2,1,7
BRDA:41,3,0,7
BRDA:41,3,1,5
BRDA:54,4,0,7
BRDA:54,4,1,1
BRDA:67,5,0,7
BRDA:67,5,1,1
BRDA:80,6,0,7
BRDA:80,6,1,7
BRDA:85,7,0,7
BRDA:85,7,1,5
BRDA:92,8,0,7
BRDA:92,8,1,1
BRDA:99,9,0,7
BRDA:99,9,1,1
BRF:20
BRH:20
end_of_record
TN:
SF:maps\styles\mapScreenStyles.js
FNF:0
FNH:0
DA:3,5
LF:1
LH:1
BRF:0
BRH:0
end_of_record
TN:
SF:maps\styles\popupStyles.js
FNF:0
FNH:0
DA:5,3
LF:1
LH:1
BRF:0
BRH:0
end_of_record
TN:
SF:shuttle_bus\bottom_sheet.js
FN:9,(anonymous_0)
FN:14,(anonymous_1)
FN:31,(anonymous_2)
FN:33,(anonymous_3)
FN:43,(anonymous_4)
FN:44,(anonymous_5)
FN:68,(anonymous_6)
FN:72,(anonymous_7)
FNF:8
FNH:8
FNDA:38,(anonymous_0)
FNDA:9,(anonymous_1)
FNDA:1,(anonymous_2)
FNDA:1,(anonymous_3)
FNDA:1,(anonymous_4)
FNDA:1,(anonymous_5)
FNDA:1,(anonymous_6)
FNDA:1,(anonymous_7)
DA:9,4
DA:10,38
DA:11,38
DA:12,38
DA:14,38
DA:15,9
DA:16,6
DA:17,6
DA:18,6
DA:20,3
DA:21,0
DA:23,3
DA:24,0
DA:26,3
DA:27,3
DA:31,38
DA:32,1
DA:33,1
DA:34,1
DA:35,1
DA:36,1
DA:37,1
DA:39,0
DA:43,38
DA:44,1
DA:45,1
DA:46,1
DA:47,1
DA:48,1
DA:50,0
DA:51,0
DA:55,38
DA:68,1
DA:72,1
LF:34
LH:29
BRDA:15,0,0,6
BRDA:15,0,1,3
BRDA:20,1,0,0
BRDA:20,1,1,3
BRDA:20,2,0,3
BRDA:20,2,1,0
BRDA:23,3,0,0
BRDA:23,3,1,3
BRDA:23,4,0,3
BRDA:23,4,1,0
BRDA:26,5,0,3
BRDA:26,5,1,0
BRDA:26,6,0,3
BRDA:26,6,1,3
BRDA:34,7,0,1
BRDA:34,7,1,0
BRDA:45,8,0,1
BRDA:45,8,1,0
BRDA:64,9,0,38
BRDA:64,9,1,5
BRDA:68,10,0,1
BRDA:68,10,1,4
BRDA:69,11,0,1
BRDA:69,11,1,4
BRDA:70,12,0,1
BRDA:70,12,1,4
BRDA:72,13,0,1
BRDA:72,13,1,4
BRDA:73,14,0,1
BRDA:73,14,1,4
BRDA:74,15,0,1
BRDA:74,15,1,4
BRDA:78,16,0,5
BRDA:78,16,1,1
BRDA:79,17,0,5
BRDA:79,17,1,1
BRDA:80,18,0,5
BRDA:80,18,1,4
BRDA:80,18,2,3
BRF:39
BRH:32
end_of_record
TN:
SF:shuttle_bus\next_shuttle_arrival.js
FN:6,(anonymous_0)
FN:13,(anonymous_1)
FN:15,(anonymous_2)
FN:19,(anonymous_3)
FN:22,(anonymous_4)
FN:35,(anonymous_5)
FN:40,(anonymous_6)
FN:96,(anonymous_7)
FNF:8
FNH:7
FNDA:6,(anonymous_0)
FNDA:5,(anonymous_1)
FNDA:3,(anonymous_2)
FNDA:5,(anonymous_3)
FNDA:3,(anonymous_4)
FNDA:3,(anonymous_5)
FNDA:9,(anonymous_6)
FNDA:0,(anonymous_7)
DA:6,4
DA:7,6
DA:8,6
DA:9,6
DA:11,6
DA:13,6
DA:14,5
DA:15,5
DA:16,3
DA:17,3
DA:19,5
DA:22,6
DA:24,3
DA:25,3
DA:26,0
DA:27,3
DA:28,3
DA:30,0
DA:31,0
DA:35,6
DA:36,3
DA:37,3
DA:40,3
DA:41,9
DA:42,9
DA:43,9
DA:44,9
DA:45,0
DA:46,0
DA:48,9
DA:51,3
DA:53,3
DA:54,3
DA:55,6
DA:56,6
DA:57,3
DA:58,3
DA:59,3
DA:61,3
DA:62,3
DA:64,3
DA:65,3
DA:66,3
DA:67,0
DA:69,3
DA:72,0
DA:74,3
DA:79,6
DA:96,0
LF:49
LH:41
BRDA:25,0,0,0
BRDA:25,0,1,3
BRDA:25,1,0,3
BRDA:25,1,1,3
BRDA:27,2,0,3
BRDA:27,2,1,0
BRDA:43,3,0,9
BRDA:43,3,1,0
BRDA:43,4,0,9
BRDA:43,4,1,9
BRDA:45,5,0,0
BRDA:45,5,1,0
BRDA:45,6,0,0
BRDA:45,6,1,0
BRDA:56,7,0,3
BRDA:56,7,1,3
BRDA:65,8,0,3
BRDA:65,8,1,0
BRDA:66,9,0,0
BRDA:66,9,1,3
BRDA:72,10,0,0
BRDA:72,10,1,0
BRDA:72,11,0,0
BRDA:72,11,1,0
BRDA:82,12,0,6
BRDA:82,12,1,4
BRDA:102,13,0,6
BRDA:102,13,1,2
BRDA:109,14,0,6
BRDA:109,14,1,2
BRDA:109,14,2,0
BRF:31
BRH:17
end_of_record
TN:
SF:shuttle_bus\shuttle_directions.js
FN:8,(anonymous_0)
FN:12,(anonymous_1)
FN:22,(anonymous_2)
FN:37,(anonymous_3)
FN:38,(anonymous_4)
FN:47,(anonymous_5)
FN:69,(anonymous_6)
FNF:7
FNH:5
FNDA:4,(anonymous_0)
FNDA:2,(anonymous_1)
FNDA:0,(anonymous_2)
FNDA:2,(anonymous_3)
FNDA:2,(anonymous_4)
FNDA:4,(anonymous_5)
FNDA:0,(anonymous_6)
DA:8,5
DA:9,4
DA:10,4
DA:12,4
DA:13,2
DA:14,2
DA:16,2
DA:17,2
DA:18,1
DA:19,1
DA:21,0
DA:22,0
DA:30,0
DA:33,2
DA:37,4
DA:38,2
DA:39,2
DA:40,2
DA:41,2
DA:44,2
DA:47,4
DA:48,4
DA:49,2
DA:53,4
DA:70,0
LF:25
LH:21
BRDA:21,0,0,0
BRDA:21,0,1,0
BRDA:40,1,0,2
BRDA:40,1,1,0
BRDA:48,2,0,2
BRDA:48,2,1,2
BRDA:48,3,0,4
BRDA:48,3,1,2
BRDA:55,4,0,4
BRDA:55,4,1,2
BRDA:55,4,2,2
BRDA:68,5,0,0
BRDA:68,5,1,4
BRDA:72,6,0,0
BRDA:72,6,1,0
BRF:15
BRH:9
end_of_record
TN:
SF:shuttle_bus\styles\bottom_sheet_styles.js
FNF:0
FNH:0
DA:3,4
LF:1
LH:1
BRF:0
BRH:0
end_of_record
TN:
SF:shuttle_bus\styles\shuttle_directions_styles.js
FNF:0
FNH:0
DA:3,5
LF:1
LH:1
BRF:0
BRH:0
end_of_record
